"../../../Engine/Content/EditorResources/S_Actor.ubulk" 0
"../../../Engine/Content/EditorResources/S_Actor.uasset" 1
"../../../Engine/Content/EditorResources/S_Actor.uexp" 2
"../../../Engine/Content/EditorResources/S_BoxReflectionCapture.uasset" 3
"../../../Engine/Content/EditorResources/S_BoxReflectionCapture.uexp" 4
"../../../Engine/Content/EngineResources/DefaultTexture.ubulk" 5
"../../../Engine/Content/EngineResources/DefaultTexture.uasset" 6
"../../../Engine/Content/EngineResources/DefaultTexture.uexp" 7
"../../../Engine/Content/EngineResources/DefaultTextureCube.uasset" 8
"../../../Engine/Content/EngineResources/DefaultTextureCube.uexp" 9
"../../../Engine/Content/EngineResources/DefaultVolumeTexture2D.uasset" 10
"../../../Engine/Content/EngineResources/DefaultVolumeTexture2D.uexp" 11
"../../../Engine/Content/EngineResources/DefaultVolumeTexture.uasset" 12
"../../../Engine/Content/EngineResources/DefaultVolumeTexture.uexp" 13
"../../../Engine/Content/EditorResources/S_Trigger.ubulk" 14
"../../../Engine/Content/EditorResources/S_Trigger.uasset" 15
"../../../Engine/Content/EditorResources/S_Trigger.uexp" 16
"../../../Engine/Content/EditorResources/S_TriggerBox.uasset" 17
"../../../Engine/Content/EditorResources/S_TriggerBox.uexp" 18
"../../../Engine/Content/EditorResources/S_TriggerCapsule.uasset" 19
"../../../Engine/Content/EditorResources/S_TriggerCapsule.uexp" 20
"../../../Engine/Content/EditorResources/S_TriggerSphere.uasset" 21
"../../../Engine/Content/EditorResources/S_TriggerSphere.uexp" 22
"../../../Engine/Content/EngineMeshes/Sphere.ubulk" 23
"../../../Engine/Content/EngineMeshes/Sphere.uasset" 24
"../../../Engine/Content/EngineMeshes/Sphere.uexp" 25
"../../../Engine/Content/EngineResources/GradientTexture0.uasset" 26
"../../../Engine/Content/EngineResources/GradientTexture0.uexp" 27
"../../../Engine/Content/EngineResources/Black.uasset" 28
"../../../Engine/Content/EngineResources/Black.uexp" 29
"../../../Engine/Content/VREditor/LaserPointer/VR_LaserPower_01.ubulk" 30
"../../../Engine/Content/VREditor/LaserPointer/VR_LaserPower_01.uasset" 31
"../../../Engine/Content/VREditor/LaserPointer/VR_LaserPower_01.uexp" 32
"../../../Engine/Content/VREditor/TransformGizmo/TransformGizmoMaterial.uasset" 33
"../../../Engine/Content/VREditor/TransformGizmo/TransformGizmoMaterial.uexp" 34
"../../../Engine/Content/VREditor/TransformGizmo/TranslucentTransformGizmoMaterial.uasset" 35
"../../../Engine/Content/VREditor/TransformGizmo/TranslucentTransformGizmoMaterial.uexp" 36
"../../../Engine/Content/VREditor/TransformGizmo/BoundingBoxCorner.ubulk" 37
"../../../Engine/Content/VREditor/TransformGizmo/BoundingBoxCorner.uasset" 38
"../../../Engine/Content/VREditor/TransformGizmo/BoundingBoxCorner.uexp" 39
"../../../Engine/Content/VREditor/TransformGizmo/BoundingBoxEdge.ubulk" 40
"../../../Engine/Content/VREditor/TransformGizmo/BoundingBoxEdge.uasset" 41
"../../../Engine/Content/VREditor/TransformGizmo/BoundingBoxEdge.uexp" 42
"../../../Engine/Content/VREditor/TransformGizmo/Main.uasset" 43
"../../../Engine/Content/VREditor/TransformGizmo/Main.uexp" 44
"../../../Engine/Content/VREditor/TransformGizmo/Xray.uasset" 45
"../../../Engine/Content/VREditor/TransformGizmo/Xray.uexp" 46
"../../../Engine/Content/VREditor/TransformGizmo/SM_Sequencer_Node.ubulk" 47
"../../../Engine/Content/VREditor/TransformGizmo/SM_Sequencer_Node.uasset" 48
"../../../Engine/Content/VREditor/TransformGizmo/SM_Sequencer_Node.uexp" 49
"../../../Engine/Content/EditorResources/S_Solver.ubulk" 50
"../../../Engine/Content/EditorResources/S_Solver.uasset" 51
"../../../Engine/Content/EditorResources/S_Solver.uexp" 52
"../../../Engine/Content/EditorMaterials/Camera/CineMat.uasset" 53
"../../../Engine/Content/EditorMaterials/Camera/CineMat.uexp" 54
"../../../Engine/Content/EditorMaterials/Camera/MI_CineMat_Rig.uasset" 55
"../../../Engine/Content/EditorMaterials/Camera/MI_CineMat_Rig.uexp" 56
"../../../Engine/Content/EditorMeshes/Camera/SM_CraneRig_Base.ubulk" 57
"../../../Engine/Content/EditorMeshes/Camera/SM_CraneRig_Base.uasset" 58
"../../../Engine/Content/EditorMeshes/Camera/SM_CraneRig_Base.uexp" 59
"../../../Engine/Content/EditorMeshes/Camera/SM_CraneRig_Arm.ubulk" 60
"../../../Engine/Content/EditorMeshes/Camera/SM_CraneRig_Arm.uasset" 61
"../../../Engine/Content/EditorMeshes/Camera/SM_CraneRig_Arm.uexp" 62
"../../../Engine/Content/EditorMeshes/Camera/SM_CraneRig_Mount.ubulk" 63
"../../../Engine/Content/EditorMeshes/Camera/SM_CraneRig_Mount.uasset" 64
"../../../Engine/Content/EditorMeshes/Camera/SM_CraneRig_Mount.uexp" 65
"../../../Engine/Content/EditorMeshes/Camera/SM_CraneRig_Body.ubulk" 66
"../../../Engine/Content/EditorMeshes/Camera/SM_CraneRig_Body.uasset" 67
"../../../Engine/Content/EditorMeshes/Camera/SM_CraneRig_Body.uexp" 68
"../../../Engine/Content/EditorMeshes/Camera/SM_RailRig_Track.ubulk" 69
"../../../Engine/Content/EditorMeshes/Camera/SM_RailRig_Track.uasset" 70
"../../../Engine/Content/EditorMeshes/Camera/SM_RailRig_Track.uexp" 71
"../../../Engine/Content/EditorMeshes/Camera/SM_RailRig_Mount.ubulk" 72
"../../../Engine/Content/EditorMeshes/Camera/SM_RailRig_Mount.uasset" 73
"../../../Engine/Content/EditorMeshes/Camera/SM_RailRig_Mount.uexp" 74
"../../../Engine/Content/EngineMaterials/T_Default_Material_Grid_M.ubulk" 75
"../../../Engine/Content/EngineMaterials/T_Default_Material_Grid_M.uasset" 76
"../../../Engine/Content/EngineMaterials/T_Default_Material_Grid_M.uexp" 77
"../../../Engine/Content/EngineMaterials/T_Default_Material_Grid_N.ubulk" 78
"../../../Engine/Content/EngineMaterials/T_Default_Material_Grid_N.uasset" 79
"../../../Engine/Content/EngineMaterials/T_Default_Material_Grid_N.uexp" 80
"../../../Engine/Content/Functions/Engine_MaterialFunctions01/Opacity/CameraDepthFade.uasset" 81
"../../../Engine/Content/Functions/Engine_MaterialFunctions01/Opacity/CameraDepthFade.uexp" 82
"../../../Engine/Content/EngineMaterials/WorldGridMaterial.uasset" 83
"../../../Engine/Content/EngineMaterials/WorldGridMaterial.uexp" 84
"../../../Engine/Content/ArtTools/RenderToTexture/Meshes/S_1_Unit_Plane.ubulk" 85
"../../../Engine/Content/ArtTools/RenderToTexture/Meshes/S_1_Unit_Plane.uasset" 86
"../../../Engine/Content/ArtTools/RenderToTexture/Meshes/S_1_Unit_Plane.uexp" 87
"../../../Engine/Content/EditorMaterials/ParticleSystems/PSysThumbnail_NoImage.ubulk" 88
"../../../Engine/Content/EditorMaterials/ParticleSystems/PSysThumbnail_NoImage.uasset" 89
"../../../Engine/Content/EditorMaterials/ParticleSystems/PSysThumbnail_NoImage.uexp" 90
"../../../Engine/Content/EditorMaterials/ParticleSystems/PSysThumbnail_OOD.ubulk" 91
"../../../Engine/Content/EditorMaterials/ParticleSystems/PSysThumbnail_OOD.uasset" 92
"../../../Engine/Content/EditorMaterials/ParticleSystems/PSysThumbnail_OOD.uexp" 93
"../../../Engine/Content/EditorLandscapeResources/SplineEditorMeshMat.uasset" 94
"../../../Engine/Content/EditorLandscapeResources/SplineEditorMeshMat.uexp" 95
"../../../Engine/Content/EditorLandscapeResources/SplineEditorMesh.ubulk" 96
"../../../Engine/Content/EditorLandscapeResources/SplineEditorMesh.uasset" 97
"../../../Engine/Content/EditorLandscapeResources/SplineEditorMesh.uexp" 98
"../../../Engine/Plugins/Media/MediaPlate/Content/SM_MediaPlateScreen.ubulk" 99
"../../../Engine/Plugins/Media/MediaPlate/Content/SM_MediaPlateScreen.uasset" 100
"../../../Engine/Plugins/Media/MediaPlate/Content/SM_MediaPlateScreen.uexp" 101
"../../../Engine/Content/EngineMaterials/DefaultBokeh.uasset" 102
"../../../Engine/Content/EngineMaterials/DefaultBokeh.uexp" 103
"../../../Engine/Content/EngineMaterials/MiniFont.uasset" 104
"../../../Engine/Content/EngineMaterials/MiniFont.uexp" 105
"../../../Engine/Content/EngineMaterials/WeightMapPlaceholderTexture.uasset" 106
"../../../Engine/Content/EngineMaterials/WeightMapPlaceholderTexture.uexp" 107
"../../../Engine/Content/EngineMaterials/WeightMapArrayPlaceholderTexture.uasset" 108
"../../../Engine/Content/EngineMaterials/WeightMapArrayPlaceholderTexture.uexp" 109
"../../../Engine/Content/EngineMaterials/DefaultWhiteGrid.ubulk" 110
"../../../Engine/Content/EngineMaterials/DefaultWhiteGrid.uasset" 111
"../../../Engine/Content/EngineMaterials/DefaultWhiteGrid.uexp" 112
"../../../Engine/Content/EngineMaterials/PreintegratedSkinBRDF.uasset" 113
"../../../Engine/Content/EngineMaterials/PreintegratedSkinBRDF.uexp" 114
"../../../Engine/Content/Functions/Engine_MaterialFunctions02/WorldPositionOffset/CameraOffset.uasset" 115
"../../../Engine/Content/Functions/Engine_MaterialFunctions02/WorldPositionOffset/CameraOffset.uexp" 116
"../../../Engine/Plugins/Animation/ControlRig/Content/M_Manip.uasset" 117
"../../../Engine/Plugins/Animation/ControlRig/Content/M_Manip.uexp" 118
"../../../Engine/Plugins/2D/Paper2D/Content/PlaceholderTextures/DummySpriteTexture.ubulk" 119
"../../../Engine/Plugins/2D/Paper2D/Content/PlaceholderTextures/DummySpriteTexture.uasset" 120
"../../../Engine/Plugins/2D/Paper2D/Content/PlaceholderTextures/DummySpriteTexture.uexp" 121
"../../../Engine/Plugins/2D/Paper2D/Content/DefaultSpriteMaterial.uasset" 122
"../../../Engine/Plugins/2D/Paper2D/Content/DefaultSpriteMaterial.uexp" 123
"../../../Engine/Plugins/2D/Paper2D/Content/OpaqueUnlitSpriteMaterial.uasset" 124
"../../../Engine/Plugins/2D/Paper2D/Content/OpaqueUnlitSpriteMaterial.uexp" 125
"../../../Engine/Plugins/2D/Paper2D/Content/MaskedUnlitSpriteMaterial.uasset" 126
"../../../Engine/Plugins/2D/Paper2D/Content/MaskedUnlitSpriteMaterial.uexp" 127
"../../../Engine/Plugins/2D/Paper2D/Content/DummySprite.uasset" 128
"../../../Engine/Plugins/2D/Paper2D/Content/DummySprite.uexp" 129
"../../../Engine/Plugins/2D/Paper2D/Content/DefaultPaperTerrainMaterial.uasset" 130
"../../../Engine/Plugins/2D/Paper2D/Content/DefaultPaperTerrainMaterial.uexp" 131
"../../../Engine/Plugins/Runtime/MeshModelingToolset/Content/Materials/M_DynamicMeshComponentVtxColor.uasset" 132
"../../../Engine/Plugins/Runtime/MeshModelingToolset/Content/Materials/M_DynamicMeshComponentVtxColor.uexp" 133
"../../../Engine/Plugins/Runtime/HairStrands/Content/Materials/HairMeshesDefaultMaterial.uasset" 134
"../../../Engine/Plugins/Runtime/HairStrands/Content/Materials/HairMeshesDefaultMaterial.uexp" 135
"../../../Engine/Plugins/Runtime/HairStrands/Content/Materials/HairDefaultMaterial.uasset" 136
"../../../Engine/Plugins/Runtime/HairStrands/Content/Materials/HairDefaultMaterial.uexp" 137
"../../../Engine/Plugins/Runtime/HairStrands/Content/Materials/HairGroupColors.uasset" 138
"../../../Engine/Plugins/Runtime/HairStrands/Content/Materials/HairGroupColors.uexp" 139
"../../../Engine/Content/Functions/Engine_MaterialFunctions02/Utility/MakeFloat2.uasset" 140
"../../../Engine/Content/Functions/Engine_MaterialFunctions02/Utility/MakeFloat2.uexp" 141
"../../../Engine/Content/Functions/Engine_MaterialFunctions02/Utility/MakeFloat3.uasset" 142
"../../../Engine/Content/Functions/Engine_MaterialFunctions02/Utility/MakeFloat3.uexp" 143
"../../../Engine/Content/EngineMaterials/HairColorMap.uasset" 144
"../../../Engine/Content/EngineMaterials/HairColorMap.uexp" 145
"../../../Engine/Content/EngineMaterials/HairDebugColor.uasset" 146
"../../../Engine/Content/EngineMaterials/HairDebugColor.uexp" 147
"../../../Engine/Plugins/Runtime/HairStrands/Content/Materials/HairDebugMaterial.uasset" 148
"../../../Engine/Plugins/Runtime/HairStrands/Content/Materials/HairDebugMaterial.uexp" 149
"../../../Engine/Plugins/Runtime/HairStrands/Content/Materials/HairCardsDefaultMaterial.uasset" 150
"../../../Engine/Plugins/Runtime/HairStrands/Content/Materials/HairCardsDefaultMaterial.uexp" 151
"../../../Engine/Plugins/Interchange/Runtime/Content/Pipelines/DefaultTexturePipeline.uasset" 152
"../../../Engine/Plugins/Interchange/Runtime/Content/Pipelines/DefaultTexturePipeline.uexp" 153
"../../../Engine/Plugins/Interchange/Runtime/Content/Pipelines/DefaultSceneLevelPipeline.uasset" 154
"../../../Engine/Plugins/Interchange/Runtime/Content/Pipelines/DefaultSceneLevelPipeline.uexp" 155
"../../../Engine/Plugins/Interchange/Runtime/Content/Pipelines/DefaultSceneAssetsPipeline.uasset" 156
"../../../Engine/Plugins/Interchange/Runtime/Content/Pipelines/DefaultSceneAssetsPipeline.uexp" 157
"../../../Engine/Plugins/Interchange/Runtime/Content/Pipelines/DefaultMaterialXPipeline.uasset" 158
"../../../Engine/Plugins/Interchange/Runtime/Content/Pipelines/DefaultMaterialXPipeline.uexp" 159
"../../../Engine/Plugins/Interchange/Runtime/Content/Pipelines/DefaultMaterialPipeline.uasset" 160
"../../../Engine/Plugins/Interchange/Runtime/Content/Pipelines/DefaultMaterialPipeline.uexp" 161
"../../../Engine/Plugins/Interchange/Runtime/Content/Pipelines/DefaultGLTFSceneAssetsPipeline.uasset" 162
"../../../Engine/Plugins/Interchange/Runtime/Content/Pipelines/DefaultGLTFSceneAssetsPipeline.uexp" 163
"../../../Engine/Plugins/Interchange/Runtime/Content/Pipelines/DefaultGLTFPipeline.uasset" 164
"../../../Engine/Plugins/Interchange/Runtime/Content/Pipelines/DefaultGLTFPipeline.uexp" 165
"../../../Engine/Plugins/Interchange/Runtime/Content/Pipelines/DefaultGLTFAssetsPipeline.uasset" 166
"../../../Engine/Plugins/Interchange/Runtime/Content/Pipelines/DefaultGLTFAssetsPipeline.uexp" 167
"../../../Engine/Plugins/Interchange/Runtime/Content/Pipelines/DefaultAssetsPipeline.uasset" 168
"../../../Engine/Plugins/Interchange/Runtime/Content/Pipelines/DefaultAssetsPipeline.uexp" 169
"../../../Engine/Plugins/Interchange/Runtime/Content/Functions/MX_UsdPreviewSurface.uasset" 170
"../../../Engine/Plugins/Interchange/Runtime/Content/Functions/MX_UsdPreviewSurface.uexp" 171
"../../../Engine/Plugins/Interchange/Runtime/Content/Functions/MX_UniformEDF.uasset" 172
"../../../Engine/Plugins/Interchange/Runtime/Content/Functions/MX_UniformEDF.uexp" 173
"../../../Engine/Plugins/Interchange/Runtime/Content/Functions/MX_TranslucentBSDF.uasset" 174
"../../../Engine/Plugins/Interchange/Runtime/Content/Functions/MX_TranslucentBSDF.uexp" 175
"../../../Engine/Plugins/Interchange/Runtime/Content/Functions/MX_ThinFilmBSDF.uasset" 176
"../../../Engine/Plugins/Interchange/Runtime/Content/Functions/MX_ThinFilmBSDF.uexp" 177
"../../../Engine/Plugins/Interchange/Runtime/Content/Functions/MX_SurfaceUnlit.uasset" 178
"../../../Engine/Plugins/Interchange/Runtime/Content/Functions/MX_SurfaceUnlit.uexp" 179
"../../../Engine/Plugins/Interchange/Runtime/Content/Functions/MX_Surface.uasset" 180
"../../../Engine/Plugins/Interchange/Runtime/Content/Functions/MX_Surface.uexp" 181
"../../../Engine/Plugins/Interchange/Runtime/Content/Functions/MX_SubsurfaceBSDF.uasset" 182
"../../../Engine/Plugins/Interchange/Runtime/Content/Functions/MX_SubsurfaceBSDF.uexp" 183
"../../../Engine/Plugins/Interchange/Runtime/Content/Functions/MX_SheenBSDF.uasset" 184
"../../../Engine/Plugins/Interchange/Runtime/Content/Functions/MX_SheenBSDF.uexp" 185
"../../../Engine/Plugins/Interchange/Runtime/Content/Functions/MX_OrenNayarBSDF.uasset" 186
"../../../Engine/Plugins/Interchange/Runtime/Content/Functions/MX_OrenNayarBSDF.uexp" 187
"../../../Engine/Content/Functions/Engine_MaterialFunctions02/Utility/CameraDirectionVector.uasset" 188
"../../../Engine/Content/Functions/Engine_MaterialFunctions02/Utility/CameraDirectionVector.uexp" 189
"../../../Engine/Content/Functions/Engine_MaterialFunctions01/Volumetrics/BeersLaw.uasset" 190
"../../../Engine/Content/Functions/Engine_MaterialFunctions01/Volumetrics/BeersLaw.uexp" 191
"../../../Engine/Content/EngineMaterials/Good64x64TilingNoiseHighFreq.uasset" 192
"../../../Engine/Content/EngineMaterials/Good64x64TilingNoiseHighFreq.uexp" 193
"../../../Engine/Content/Functions/Engine_MaterialFunctions02/Texturing/ScreenAlignedPixelToPixelUVs.uasset" 194
"../../../Engine/Content/Functions/Engine_MaterialFunctions02/Texturing/ScreenAlignedPixelToPixelUVs.uexp" 195
"../../../Engine/Plugins/Interchange/Runtime/Content/gltf/MaterialFunctions/MF_Temporal_Blur.uasset" 196
"../../../Engine/Plugins/Interchange/Runtime/Content/gltf/MaterialFunctions/MF_Temporal_Blur.uexp" 197
"../../../Engine/Plugins/Interchange/Runtime/Content/gltf/MaterialFunctions/MF_Fresnel_DS.uasset" 198
"../../../Engine/Plugins/Interchange/Runtime/Content/gltf/MaterialFunctions/MF_Fresnel_DS.uexp" 199
"../../../Engine/Content/Functions/Engine_MaterialFunctions02/Utility/BreakOutFloat3Components.uasset" 200
"../../../Engine/Content/Functions/Engine_MaterialFunctions02/Utility/BreakOutFloat3Components.uexp" 201
"../../../Engine/Plugins/Interchange/Runtime/Content/Functions/MX_Transmission.uasset" 202
"../../../Engine/Plugins/Interchange/Runtime/Content/Functions/MX_Transmission.uexp" 203
"../../../Engine/Plugins/Interchange/Runtime/Content/Functions/MF_OrenNayerView.uasset" 204
"../../../Engine/Plugins/Interchange/Runtime/Content/Functions/MF_OrenNayerView.uexp" 205
"../../../Engine/Plugins/Interchange/Runtime/Content/Functions/MF_SchlickApprox.uasset" 206
"../../../Engine/Plugins/Interchange/Runtime/Content/Functions/MF_SchlickApprox.uexp" 207
"../../../Engine/Plugins/Interchange/Runtime/Content/Utilities/New_LUT.uasset" 208
"../../../Engine/Plugins/Interchange/Runtime/Content/Utilities/New_LUT.uexp" 209
"../../../Engine/Content/Functions/Engine_MaterialFunctions03/Math/RemapValueRange.uasset" 210
"../../../Engine/Content/Functions/Engine_MaterialFunctions03/Math/RemapValueRange.uexp" 211
"../../../Engine/Plugins/Interchange/Runtime/Content/Functions/MF_Iridescence.uasset" 212
"../../../Engine/Plugins/Interchange/Runtime/Content/Functions/MF_Iridescence.uexp" 213
"../../../Engine/Plugins/Interchange/Runtime/Content/Functions/MX_StandardSurface.uasset" 214
"../../../Engine/Plugins/Interchange/Runtime/Content/Functions/MX_StandardSurface.uexp" 215
"../../../Engine/Plugins/Interchange/Runtime/Content/Functions/MX_TransmissionSurface.uasset" 216
"../../../Engine/Plugins/Interchange/Runtime/Content/Functions/MX_TransmissionSurface.uexp" 217
"../../../Engine/Plugins/Interchange/Runtime/Content/Functions/MX_OpenPBR_Translucent.uasset" 218
"../../../Engine/Plugins/Interchange/Runtime/Content/Functions/MX_OpenPBR_Translucent.uexp" 219
"../../../Engine/Plugins/Interchange/Runtime/Content/Functions/MX_OpenPBR_Opaque.uasset" 220
"../../../Engine/Plugins/Interchange/Runtime/Content/Functions/MX_OpenPBR_Opaque.uexp" 221
"../../../Engine/Plugins/Interchange/Runtime/Content/Functions/MX_MeasuredEDF.uasset" 222
"../../../Engine/Plugins/Interchange/Runtime/Content/Functions/MX_MeasuredEDF.uexp" 223
"../../../Engine/Plugins/Interchange/Runtime/Content/Functions/MX_GeneralizedSchlickBSDF.uasset" 224
"../../../Engine/Plugins/Interchange/Runtime/Content/Functions/MX_GeneralizedSchlickBSDF.uexp" 225
"../../../Engine/Plugins/Interchange/Runtime/Content/Functions/MX_DielectricBSDF.uasset" 226
"../../../Engine/Plugins/Interchange/Runtime/Content/Functions/MX_DielectricBSDF.uexp" 227
"../../../Engine/Plugins/Interchange/Runtime/Content/Functions/MX_ConicalEDF.uasset" 228
"../../../Engine/Plugins/Interchange/Runtime/Content/Functions/MX_ConicalEDF.uexp" 229
"../../../Engine/Plugins/Interchange/Runtime/Content/Functions/MX_ConductorBSDF.uasset" 230
"../../../Engine/Plugins/Interchange/Runtime/Content/Functions/MX_ConductorBSDF.uexp" 231
"../../../Engine/Plugins/Interchange/Runtime/Content/Functions/MX_BurleyDiffuseBSDF.uasset" 232
"../../../Engine/Plugins/Interchange/Runtime/Content/Functions/MX_BurleyDiffuseBSDF.uexp" 233
"../../../Engine/Plugins/Interchange/Runtime/Content/Functions/MX_AnisotropicVDF.uasset" 234
"../../../Engine/Plugins/Interchange/Runtime/Content/Functions/MX_AnisotropicVDF.uexp" 235
"../../../Engine/Plugins/Interchange/Runtime/Content/Functions/MX_AbsorptionVDF.uasset" 236
"../../../Engine/Plugins/Interchange/Runtime/Content/Functions/MX_AbsorptionVDF.uexp" 237
"../../../Engine/Plugins/Editor/SpeedTreeImporter/Content/SpeedTree9/game_wind_noise.ubulk" 238
"../../../Engine/Plugins/Editor/SpeedTreeImporter/Content/SpeedTree9/game_wind_noise.uasset" 239
"../../../Engine/Plugins/Editor/SpeedTreeImporter/Content/SpeedTree9/game_wind_noise.uexp" 240
"../../../Engine/Plugins/Editor/SpeedTreeImporter/Content/SpeedTree9/UnpackDirection.uasset" 241
"../../../Engine/Plugins/Editor/SpeedTreeImporter/Content/SpeedTree9/UnpackDirection.uexp" 242
"../../../Engine/Content/Functions/Engine_MaterialFunctions02/ObjectLocalBounds.uasset" 243
"../../../Engine/Content/Functions/Engine_MaterialFunctions02/ObjectLocalBounds.uexp" 244
"../../../Engine/Content/Functions/Engine_MaterialFunctions02/UVs/BoundingBoxBased_0-1_UVW.uasset" 245
"../../../Engine/Content/Functions/Engine_MaterialFunctions02/UVs/BoundingBoxBased_0-1_UVW.uexp" 246
"../../../Engine/Content/Functions/Engine_MaterialFunctions02/Utility/VectorLength.uasset" 247
"../../../Engine/Content/Functions/Engine_MaterialFunctions02/Utility/VectorLength.uexp" 248
"../../../Engine/Plugins/Editor/SpeedTreeImporter/Content/SpeedTree9/UnpackInteger3.uasset" 249
"../../../Engine/Plugins/Editor/SpeedTreeImporter/Content/SpeedTree9/UnpackInteger3.uexp" 250
"../../../Engine/Plugins/Editor/SpeedTreeImporter/Content/SpeedTree9/SpeedTreeCameraFacing.uasset" 251
"../../../Engine/Plugins/Editor/SpeedTreeImporter/Content/SpeedTree9/SpeedTreeCameraFacing.uexp" 252
"../../../Engine/Content/Functions/Engine_MaterialFunctions02/WorldPositionOffset/ObjectScale.uasset" 253
"../../../Engine/Content/Functions/Engine_MaterialFunctions02/WorldPositionOffset/ObjectScale.uexp" 254
"../../../Engine/Content/Functions/Engine_MaterialFunctions02/SafeNormalize.uasset" 255
"../../../Engine/Content/Functions/Engine_MaterialFunctions02/SafeNormalize.uexp" 256
"../../../Engine/Plugins/Editor/SpeedTreeImporter/Content/SpeedTree9/SpeedTreeWindMotion.uasset" 257
"../../../Engine/Plugins/Editor/SpeedTreeImporter/Content/SpeedTree9/SpeedTreeWindMotion.uexp" 258
"../../../Engine/Plugins/Editor/SpeedTreeImporter/Content/SpeedTree9/SpeedTreeBranchMotion.uasset" 259
"../../../Engine/Plugins/Editor/SpeedTreeImporter/Content/SpeedTree9/SpeedTreeBranchMotion.uexp" 260
"../../../Engine/Plugins/Editor/SpeedTreeImporter/Content/SpeedTree9/SpeedTreeWind.uasset" 261
"../../../Engine/Plugins/Editor/SpeedTreeImporter/Content/SpeedTree9/SpeedTreeWind.uexp" 262
"../../../Engine/Plugins/Editor/SpeedTreeImporter/Content/SpeedTree9/EmptyNormal.uasset" 263
"../../../Engine/Plugins/Editor/SpeedTreeImporter/Content/SpeedTree9/EmptyNormal.uexp" 264
"../../../Engine/Plugins/Editor/SpeedTreeImporter/Content/SpeedTree9/Empty.uasset" 265
"../../../Engine/Plugins/Editor/SpeedTreeImporter/Content/SpeedTree9/Empty.uexp" 266
"../../../Engine/Plugins/Editor/SpeedTreeImporter/Content/SpeedTree9/SpeedTreeMaster.uasset" 267
"../../../Engine/Plugins/Editor/SpeedTreeImporter/Content/SpeedTree9/SpeedTreeMaster.uexp" 268
"../../../Engine/Plugins/Editor/SpeedTreeImporter/Content/SpeedTree9/SpeedTreeBillboard.uasset" 269
"../../../Engine/Plugins/Editor/SpeedTreeImporter/Content/SpeedTree9/SpeedTreeBillboard.uexp" 270
"../../../Engine/Plugins/Editor/SpeedTreeImporter/Content/SpeedTree9/SpeedTreeBillboardMaster.uasset" 271
"../../../Engine/Plugins/Editor/SpeedTreeImporter/Content/SpeedTree9/SpeedTreeBillboardMaster.uexp" 272
"../../../Engine/Plugins/Animation/DeformerGraph/Content/Deformers/DG_LinearBlendSkin_Morph_Cloth_RecomputeNormals.uasset" 273
"../../../Engine/Plugins/Animation/DeformerGraph/Content/Deformers/DG_LinearBlendSkin_Morph_Cloth_RecomputeNormals.uexp" 274
"../../../Engine/Plugins/Animation/DeformerGraph/Content/Deformers/DG_LinearBlendSkin_Morph_Cloth.uasset" 275
"../../../Engine/Plugins/Animation/DeformerGraph/Content/Deformers/DG_LinearBlendSkin_Morph_Cloth.uexp" 276
"../../../Engine/Plugins/Animation/ControlRig/Content/Controls/DefaultGizmoLibraryNormalized.uasset" 277
"../../../Engine/Plugins/Animation/ControlRig/Content/Controls/DefaultGizmoLibraryNormalized.uexp" 278
"../../../Engine/Plugins/Animation/ControlRig/Content/Controls/ControlRig_Wedge_solid.ubulk" 279
"../../../Engine/Plugins/Animation/ControlRig/Content/Controls/ControlRig_Wedge_solid.uasset" 280
"../../../Engine/Plugins/Animation/ControlRig/Content/Controls/ControlRig_Wedge_solid.uexp" 281
"../../../Engine/Plugins/Animation/ControlRig/Content/Controls/ControlRig_Wedge_3mm.ubulk" 282
"../../../Engine/Plugins/Animation/ControlRig/Content/Controls/ControlRig_Wedge_3mm.uasset" 283
"../../../Engine/Plugins/Animation/ControlRig/Content/Controls/ControlRig_Wedge_3mm.uexp" 284
"../../../Engine/Plugins/Animation/ControlRig/Content/Controls/ControlRig_Wedge_1mm.ubulk" 285
"../../../Engine/Plugins/Animation/ControlRig/Content/Controls/ControlRig_Wedge_1mm.uasset" 286
"../../../Engine/Plugins/Animation/ControlRig/Content/Controls/ControlRig_Wedge_1mm.uexp" 287
"../../../Engine/Plugins/Animation/ControlRig/Content/Controls/ControlRig_Triangle_solid.ubulk" 288
"../../../Engine/Plugins/Animation/ControlRig/Content/Controls/ControlRig_Triangle_solid.uasset" 289
"../../../Engine/Plugins/Animation/ControlRig/Content/Controls/ControlRig_Triangle_solid.uexp" 290
"../../../Engine/Plugins/Animation/ControlRig/Content/Controls/ControlRig_Triangle_3mm.ubulk" 291
"../../../Engine/Plugins/Animation/ControlRig/Content/Controls/ControlRig_Triangle_3mm.uasset" 292
"../../../Engine/Plugins/Animation/ControlRig/Content/Controls/ControlRig_Triangle_3mm.uexp" 293
"../../../Engine/Plugins/Animation/ControlRig/Content/Controls/ControlRig_Triangle_1mm.ubulk" 294
"../../../Engine/Plugins/Animation/ControlRig/Content/Controls/ControlRig_Triangle_1mm.uasset" 295
"../../../Engine/Plugins/Animation/ControlRig/Content/Controls/ControlRig_Triangle_1mm.uexp" 296
"../../../Engine/Plugins/Animation/ControlRig/Content/Controls/ControlRig_Star4_solid.ubulk" 297
"../../../Engine/Plugins/Animation/ControlRig/Content/Controls/ControlRig_Star4_solid.uasset" 298
"../../../Engine/Plugins/Animation/ControlRig/Content/Controls/ControlRig_Star4_solid.uexp" 299
"../../../Engine/Plugins/Animation/ControlRig/Content/Controls/ControlRig_Star4_3mm.ubulk" 300
"../../../Engine/Plugins/Animation/ControlRig/Content/Controls/ControlRig_Star4_3mm.uasset" 301
"../../../Engine/Plugins/Animation/ControlRig/Content/Controls/ControlRig_Star4_3mm.uexp" 302
"../../../Engine/Plugins/Animation/ControlRig/Content/Controls/ControlRig_Star4_1mm.ubulk" 303
"../../../Engine/Plugins/Animation/ControlRig/Content/Controls/ControlRig_Star4_1mm.uasset" 304
"../../../Engine/Plugins/Animation/ControlRig/Content/Controls/ControlRig_Star4_1mm.uexp" 305
"../../../Engine/Plugins/Animation/ControlRig/Content/Controls/ControlRig_Square_solid.ubulk" 306
"../../../Engine/Plugins/Animation/ControlRig/Content/Controls/ControlRig_Square_solid.uasset" 307
"../../../Engine/Plugins/Animation/ControlRig/Content/Controls/ControlRig_Square_solid.uexp" 308
"../../../Engine/Plugins/Animation/ControlRig/Content/Controls/ControlRig_Square_3mm.ubulk" 309
"../../../Engine/Plugins/Animation/ControlRig/Content/Controls/ControlRig_Square_3mm.uasset" 310
"../../../Engine/Plugins/Animation/ControlRig/Content/Controls/ControlRig_Square_3mm.uexp" 311
"../../../Engine/Plugins/Animation/ControlRig/Content/Controls/ControlRig_Square_1mm.ubulk" 312
"../../../Engine/Plugins/Animation/ControlRig/Content/Controls/ControlRig_Square_1mm.uasset" 313
"../../../Engine/Plugins/Animation/ControlRig/Content/Controls/ControlRig_Square_1mm.uexp" 314
"../../../Engine/Plugins/Animation/ControlRig/Content/Controls/ControlRig_Sphere_solid.ubulk" 315
"../../../Engine/Plugins/Animation/ControlRig/Content/Controls/ControlRig_Sphere_solid.uasset" 316
"../../../Engine/Plugins/Animation/ControlRig/Content/Controls/ControlRig_Sphere_solid.uexp" 317
"../../../Engine/Plugins/Animation/ControlRig/Content/Controls/ControlRig_Sphere_3mm.ubulk" 318
"../../../Engine/Plugins/Animation/ControlRig/Content/Controls/ControlRig_Sphere_3mm.uasset" 319
"../../../Engine/Plugins/Animation/ControlRig/Content/Controls/ControlRig_Sphere_3mm.uexp" 320
"../../../Engine/Plugins/Animation/ControlRig/Content/Controls/ControlRig_Sphere_1mm.ubulk" 321
"../../../Engine/Plugins/Animation/ControlRig/Content/Controls/ControlRig_Sphere_1mm.uasset" 322
"../../../Engine/Plugins/Animation/ControlRig/Content/Controls/ControlRig_Sphere_1mm.uexp" 323
"../../../Engine/Plugins/Animation/ControlRig/Content/Controls/ControlRig_RoundedTriangle_solid.ubulk" 324
"../../../Engine/Plugins/Animation/ControlRig/Content/Controls/ControlRig_RoundedTriangle_solid.uasset" 325
"../../../Engine/Plugins/Animation/ControlRig/Content/Controls/ControlRig_RoundedTriangle_solid.uexp" 326
"../../../Engine/Plugins/Animation/ControlRig/Content/Controls/ControlRig_RoundedTriangle_3mm.ubulk" 327
"../../../Engine/Plugins/Animation/ControlRig/Content/Controls/ControlRig_RoundedTriangle_3mm.uasset" 328
"../../../Engine/Plugins/Animation/ControlRig/Content/Controls/ControlRig_RoundedTriangle_3mm.uexp" 329
"../../../Engine/Plugins/Animation/ControlRig/Content/Controls/ControlRig_RoundedTriangle_1mm.ubulk" 330
"../../../Engine/Plugins/Animation/ControlRig/Content/Controls/ControlRig_RoundedTriangle_1mm.uasset" 331
"../../../Engine/Plugins/Animation/ControlRig/Content/Controls/ControlRig_RoundedTriangle_1mm.uexp" 332
"../../../Engine/Plugins/Animation/ControlRig/Content/Controls/ControlRig_RoundedSquare_solid.ubulk" 333
"../../../Engine/Plugins/Animation/ControlRig/Content/Controls/ControlRig_RoundedSquare_solid.uasset" 334
"../../../Engine/Plugins/Animation/ControlRig/Content/Controls/ControlRig_RoundedSquare_solid.uexp" 335
"../../../Engine/Plugins/Animation/ControlRig/Content/Controls/ControlRig_RoundedSquare_3mm.ubulk" 336
"../../../Engine/Plugins/Animation/ControlRig/Content/Controls/ControlRig_RoundedSquare_3mm.uasset" 337
"../../../Engine/Plugins/Animation/ControlRig/Content/Controls/ControlRig_RoundedSquare_3mm.uexp" 338
"../../../Engine/Plugins/Animation/ControlRig/Content/Controls/ControlRig_RoundedSquare_1mm.ubulk" 339
"../../../Engine/Plugins/Animation/ControlRig/Content/Controls/ControlRig_RoundedSquare_1mm.uasset" 340
"../../../Engine/Plugins/Animation/ControlRig/Content/Controls/ControlRig_RoundedSquare_1mm.uexp" 341
"../../../Engine/Plugins/Animation/ControlRig/Content/Controls/ControlRig_QuarterCircle_solid.ubulk" 342
"../../../Engine/Plugins/Animation/ControlRig/Content/Controls/ControlRig_QuarterCircle_solid.uasset" 343
"../../../Engine/Plugins/Animation/ControlRig/Content/Controls/ControlRig_QuarterCircle_solid.uexp" 344
"../../../Engine/Plugins/Animation/ControlRig/Content/Controls/ControlRig_QuarterCircle_3mm.ubulk" 345
"../../../Engine/Plugins/Animation/ControlRig/Content/Controls/ControlRig_QuarterCircle_3mm.uasset" 346
"../../../Engine/Plugins/Animation/ControlRig/Content/Controls/ControlRig_QuarterCircle_3mm.uexp" 347
"../../../Engine/Plugins/Animation/ControlRig/Content/Controls/ControlRig_QuarterCircle_1mm.ubulk" 348
"../../../Engine/Plugins/Animation/ControlRig/Content/Controls/ControlRig_QuarterCircle_1mm.uasset" 349
"../../../Engine/Plugins/Animation/ControlRig/Content/Controls/ControlRig_QuarterCircle_1mm.uexp" 350
"../../../Engine/Plugins/Animation/ControlRig/Content/Controls/ControlRig_Pyramid_solid.ubulk" 351
"../../../Engine/Plugins/Animation/ControlRig/Content/Controls/ControlRig_Pyramid_solid.uasset" 352
"../../../Engine/Plugins/Animation/ControlRig/Content/Controls/ControlRig_Pyramid_solid.uexp" 353
"../../../Engine/Plugins/Animation/ControlRig/Content/Controls/ControlRig_Pyramid_3mm.ubulk" 354
"../../../Engine/Plugins/Animation/ControlRig/Content/Controls/ControlRig_Pyramid_3mm.uasset" 355
"../../../Engine/Plugins/Animation/ControlRig/Content/Controls/ControlRig_Pyramid_3mm.uexp" 356
"../../../Engine/Plugins/Animation/ControlRig/Content/Controls/ControlRig_Pyramid_1mm.ubulk" 357
"../../../Engine/Plugins/Animation/ControlRig/Content/Controls/ControlRig_Pyramid_1mm.uasset" 358
"../../../Engine/Plugins/Animation/ControlRig/Content/Controls/ControlRig_Pyramid_1mm.uexp" 359
"../../../Engine/Plugins/Animation/ControlRig/Content/Controls/ControlRig_Octagon_solid.ubulk" 360
"../../../Engine/Plugins/Animation/ControlRig/Content/Controls/ControlRig_Octagon_solid.uasset" 361
"../../../Engine/Plugins/Animation/ControlRig/Content/Controls/ControlRig_Octagon_solid.uexp" 362
"../../../Engine/Plugins/Animation/ControlRig/Content/Controls/ControlRig_Octagon_3mm.ubulk" 363
"../../../Engine/Plugins/Animation/ControlRig/Content/Controls/ControlRig_Octagon_3mm.uasset" 364
"../../../Engine/Plugins/Animation/ControlRig/Content/Controls/ControlRig_Octagon_3mm.uexp" 365
"../../../Engine/Plugins/Animation/ControlRig/Content/Controls/ControlRig_Octagon_1mm.ubulk" 366
"../../../Engine/Plugins/Animation/ControlRig/Content/Controls/ControlRig_Octagon_1mm.uasset" 367
"../../../Engine/Plugins/Animation/ControlRig/Content/Controls/ControlRig_Octagon_1mm.uexp" 368
"../../../Engine/Plugins/Animation/ControlRig/Content/Controls/ControlRig_Hexagon_solid.ubulk" 369
"../../../Engine/Plugins/Animation/ControlRig/Content/Controls/ControlRig_Hexagon_solid.uasset" 370
"../../../Engine/Plugins/Animation/ControlRig/Content/Controls/ControlRig_Hexagon_solid.uexp" 371
"../../../Engine/Plugins/Animation/ControlRig/Content/Controls/ControlRig_Hexagon_3mm.ubulk" 372
"../../../Engine/Plugins/Animation/ControlRig/Content/Controls/ControlRig_Hexagon_3mm.uasset" 373
"../../../Engine/Plugins/Animation/ControlRig/Content/Controls/ControlRig_Hexagon_3mm.uexp" 374
"../../../Engine/Plugins/Animation/ControlRig/Content/Controls/ControlRig_Hexagon_1mm.ubulk" 375
"../../../Engine/Plugins/Animation/ControlRig/Content/Controls/ControlRig_Hexagon_1mm.uasset" 376
"../../../Engine/Plugins/Animation/ControlRig/Content/Controls/ControlRig_Hexagon_1mm.uexp" 377
"../../../Engine/Plugins/Animation/ControlRig/Content/Controls/ControlRig_HalfCircle_solid.ubulk" 378
"../../../Engine/Plugins/Animation/ControlRig/Content/Controls/ControlRig_HalfCircle_solid.uasset" 379
"../../../Engine/Plugins/Animation/ControlRig/Content/Controls/ControlRig_HalfCircle_solid.uexp" 380
"../../../Engine/Plugins/Animation/ControlRig/Content/Controls/ControlRig_HalfCircle_3mm.ubulk" 381
"../../../Engine/Plugins/Animation/ControlRig/Content/Controls/ControlRig_HalfCircle_3mm.uasset" 382
"../../../Engine/Plugins/Animation/ControlRig/Content/Controls/ControlRig_HalfCircle_3mm.uexp" 383
"../../../Engine/Plugins/Animation/ControlRig/Content/Controls/ControlRig_HalfCircle_1mm.ubulk" 384
"../../../Engine/Plugins/Animation/ControlRig/Content/Controls/ControlRig_HalfCircle_1mm.uasset" 385
"../../../Engine/Plugins/Animation/ControlRig/Content/Controls/ControlRig_HalfCircle_1mm.uexp" 386
"../../../Engine/Plugins/Animation/ControlRig/Content/Controls/ControlRig_Diamond_solid.ubulk" 387
"../../../Engine/Plugins/Animation/ControlRig/Content/Controls/ControlRig_Diamond_solid.uasset" 388
"../../../Engine/Plugins/Animation/ControlRig/Content/Controls/ControlRig_Diamond_solid.uexp" 389
"../../../Engine/Plugins/Animation/ControlRig/Content/Controls/ControlRig_Diamond_3mm.ubulk" 390
"../../../Engine/Plugins/Animation/ControlRig/Content/Controls/ControlRig_Diamond_3mm.uasset" 391
"../../../Engine/Plugins/Animation/ControlRig/Content/Controls/ControlRig_Diamond_3mm.uexp" 392
"../../../Engine/Plugins/Animation/ControlRig/Content/Controls/ControlRig_Diamond_1mm.ubulk" 393
"../../../Engine/Plugins/Animation/ControlRig/Content/Controls/ControlRig_Diamond_1mm.uasset" 394
"../../../Engine/Plugins/Animation/ControlRig/Content/Controls/ControlRig_Diamond_1mm.uexp" 395
"../../../Engine/Plugins/Animation/ControlRig/Content/Controls/ControlRig_Circle_solid.ubulk" 396
"../../../Engine/Plugins/Animation/ControlRig/Content/Controls/ControlRig_Circle_solid.uasset" 397
"../../../Engine/Plugins/Animation/ControlRig/Content/Controls/ControlRig_Circle_solid.uexp" 398
"../../../Engine/Plugins/Animation/ControlRig/Content/Controls/ControlRig_Circle_3mm.ubulk" 399
"../../../Engine/Plugins/Animation/ControlRig/Content/Controls/ControlRig_Circle_3mm.uasset" 400
"../../../Engine/Plugins/Animation/ControlRig/Content/Controls/ControlRig_Circle_3mm.uexp" 401
"../../../Engine/Plugins/Animation/ControlRig/Content/Controls/ControlRig_Circle_1mm.ubulk" 402
"../../../Engine/Plugins/Animation/ControlRig/Content/Controls/ControlRig_Circle_1mm.uasset" 403
"../../../Engine/Plugins/Animation/ControlRig/Content/Controls/ControlRig_Circle_1mm.uexp" 404
"../../../Engine/Plugins/Animation/ControlRig/Content/Controls/ControlRig_Box_solid.ubulk" 405
"../../../Engine/Plugins/Animation/ControlRig/Content/Controls/ControlRig_Box_solid.uasset" 406
"../../../Engine/Plugins/Animation/ControlRig/Content/Controls/ControlRig_Box_solid.uexp" 407
"../../../Engine/Plugins/Animation/ControlRig/Content/Controls/ControlRig_Box_3mm.ubulk" 408
"../../../Engine/Plugins/Animation/ControlRig/Content/Controls/ControlRig_Box_3mm.uasset" 409
"../../../Engine/Plugins/Animation/ControlRig/Content/Controls/ControlRig_Box_3mm.uexp" 410
"../../../Engine/Plugins/Animation/ControlRig/Content/Controls/ControlRig_Box_1mm.ubulk" 411
"../../../Engine/Plugins/Animation/ControlRig/Content/Controls/ControlRig_Box_1mm.uasset" 412
"../../../Engine/Plugins/Animation/ControlRig/Content/Controls/ControlRig_Box_1mm.uexp" 413
"../../../Engine/Plugins/Animation/ControlRig/Content/Controls/ControlRig_Arrow_solid.ubulk" 414
"../../../Engine/Plugins/Animation/ControlRig/Content/Controls/ControlRig_Arrow_solid.uasset" 415
"../../../Engine/Plugins/Animation/ControlRig/Content/Controls/ControlRig_Arrow_solid.uexp" 416
"../../../Engine/Plugins/Animation/ControlRig/Content/Controls/ControlRig_Arrow_3mm.ubulk" 417
"../../../Engine/Plugins/Animation/ControlRig/Content/Controls/ControlRig_Arrow_3mm.uasset" 418
"../../../Engine/Plugins/Animation/ControlRig/Content/Controls/ControlRig_Arrow_3mm.uexp" 419
"../../../Engine/Plugins/Animation/ControlRig/Content/Controls/ControlRig_Arrow_1mm.ubulk" 420
"../../../Engine/Plugins/Animation/ControlRig/Content/Controls/ControlRig_Arrow_1mm.uasset" 421
"../../../Engine/Plugins/Animation/ControlRig/Content/Controls/ControlRig_Arrow_1mm.uexp" 422
"../../../Engine/Plugins/Animation/ControlRig/Content/Controls/ControlRig_Arrow4_solid.ubulk" 423
"../../../Engine/Plugins/Animation/ControlRig/Content/Controls/ControlRig_Arrow4_solid.uasset" 424
"../../../Engine/Plugins/Animation/ControlRig/Content/Controls/ControlRig_Arrow4_solid.uexp" 425
"../../../Engine/Plugins/Animation/ControlRig/Content/Controls/ControlRig_Arrow4_3mm.ubulk" 426
"../../../Engine/Plugins/Animation/ControlRig/Content/Controls/ControlRig_Arrow4_3mm.uasset" 427
"../../../Engine/Plugins/Animation/ControlRig/Content/Controls/ControlRig_Arrow4_3mm.uexp" 428
"../../../Engine/Plugins/Animation/ControlRig/Content/Controls/ControlRig_Arrow4_1mm.ubulk" 429
"../../../Engine/Plugins/Animation/ControlRig/Content/Controls/ControlRig_Arrow4_1mm.uasset" 430
"../../../Engine/Plugins/Animation/ControlRig/Content/Controls/ControlRig_Arrow4_1mm.uexp" 431
"../../../Engine/Plugins/Animation/ControlRig/Content/Controls/ControlRig_Arrow2_solid.ubulk" 432
"../../../Engine/Plugins/Animation/ControlRig/Content/Controls/ControlRig_Arrow2_solid.uasset" 433
"../../../Engine/Plugins/Animation/ControlRig/Content/Controls/ControlRig_Arrow2_solid.uexp" 434
"../../../Engine/Plugins/Animation/ControlRig/Content/Controls/ControlRig_Arrow2_3mm.ubulk" 435
"../../../Engine/Plugins/Animation/ControlRig/Content/Controls/ControlRig_Arrow2_3mm.uasset" 436
"../../../Engine/Plugins/Animation/ControlRig/Content/Controls/ControlRig_Arrow2_3mm.uexp" 437
"../../../Engine/Plugins/Animation/ControlRig/Content/Controls/ControlRig_Arrow2_1mm.ubulk" 438
"../../../Engine/Plugins/Animation/ControlRig/Content/Controls/ControlRig_Arrow2_1mm.uasset" 439
"../../../Engine/Plugins/Animation/ControlRig/Content/Controls/ControlRig_Arrow2_1mm.uexp" 440
"../../../Engine/Plugins/Animation/ControlRig/Content/Controls/ControlRigXRayMaterial.uasset" 441
"../../../Engine/Plugins/Animation/ControlRig/Content/Controls/ControlRigXRayMaterial.uexp" 442
"../../../Engine/Plugins/Animation/ControlRig/Content/Controls/ControlRigGizmoMaterial.uasset" 443
"../../../Engine/Plugins/Animation/ControlRig/Content/Controls/ControlRigGizmoMaterial.uexp" 444
"../../../Engine/Content/VREditor/TransformGizmo/StartRotationHandleIndicator.ubulk" 445
"../../../Engine/Content/VREditor/TransformGizmo/StartRotationHandleIndicator.uasset" 446
"../../../Engine/Content/VREditor/TransformGizmo/StartRotationHandleIndicator.uexp" 447
"../../../Engine/Content/VREditor/Sounds/UI/Drop_Item_From_ContentBrowser.ubulk" 448
"../../../Engine/Content/VREditor/Sounds/UI/Drop_Item_From_ContentBrowser.uasset" 449
"../../../Engine/Content/VREditor/Sounds/UI/Drop_Item_From_ContentBrowser.uexp" 450
"../../../Engine/Content/VREditor/TransformGizmo/PlaneTranslationHandle.ubulk" 451
"../../../Engine/Content/VREditor/TransformGizmo/PlaneTranslationHandle.uasset" 452
"../../../Engine/Content/VREditor/TransformGizmo/PlaneTranslationHandle.uexp" 453
"../../../Engine/Content/VREditor/Sounds/UI/Object_Snaps_To_Grid.ubulk" 454
"../../../Engine/Content/VREditor/Sounds/UI/Object_Snaps_To_Grid.uasset" 455
"../../../Engine/Content/VREditor/Sounds/UI/Object_Snaps_To_Grid.uexp" 456
"../../../Engine/Content/VREditor/Sounds/UI/Selection_Changes.ubulk" 457
"../../../Engine/Content/VREditor/Sounds/UI/Selection_Changes.uasset" 458
"../../../Engine/Content/VREditor/Sounds/UI/Selection_Changes.uexp" 459
"../../../Engine/Content/VREditor/Sounds/UI/Object_Snaps_To_Another_Actor.ubulk" 460
"../../../Engine/Content/VREditor/Sounds/UI/Object_Snaps_To_Another_Actor.uasset" 461
"../../../Engine/Content/VREditor/Sounds/UI/Object_Snaps_To_Another_Actor.uexp" 462
"../../../Engine/Content/VREditor/TransformGizmo/TranslucentTransformGizmoMaterial_Inst.uasset" 463
"../../../Engine/Content/VREditor/TransformGizmo/TranslucentTransformGizmoMaterial_Inst.uexp" 464
"../../../Engine/Content/VREditor/TransformGizmo/TransformGizmoFreeRotation.ubulk" 465
"../../../Engine/Content/VREditor/TransformGizmo/TransformGizmoFreeRotation.uasset" 466
"../../../Engine/Content/VREditor/TransformGizmo/TransformGizmoFreeRotation.uexp" 467
"../../../Engine/Content/VREditor/Sounds/UI/Scaling_Down.ubulk" 468
"../../../Engine/Content/VREditor/Sounds/UI/Scaling_Down.uasset" 469
"../../../Engine/Content/VREditor/Sounds/UI/Scaling_Down.uexp" 470
"../../../Engine/Content/Functions/Engine_MaterialFunctions02/Math/Transform3x3Matrix.uasset" 471
"../../../Engine/Content/Functions/Engine_MaterialFunctions02/Math/Transform3x3Matrix.uexp" 472
"../../../Engine/Content/Functions/Engine_MaterialFunctions02/SplitComponents.uasset" 473
"../../../Engine/Content/Functions/Engine_MaterialFunctions02/SplitComponents.uexp" 474
"../../../Engine/Content/VREditor/SnapGrid/SnapGridMaterial.uasset" 475
"../../../Engine/Content/VREditor/SnapGrid/SnapGridMaterial.uexp" 476
"../../../Engine/Content/VREditor/SnapGrid/SnapGridPlaneMesh.ubulk" 477
"../../../Engine/Content/VREditor/SnapGrid/SnapGridPlaneMesh.uasset" 478
"../../../Engine/Content/VREditor/SnapGrid/SnapGridPlaneMesh.uexp" 479
"../../../Engine/Content/VREditor/Sounds/UI/Scaling_Up.ubulk" 480
"../../../Engine/Content/VREditor/Sounds/UI/Scaling_Up.uasset" 481
"../../../Engine/Content/VREditor/Sounds/UI/Scaling_Up.uexp" 482
"../../../Engine/Content/VREditor/TransformGizmo/TransformGizmoMaterial_Inst.uasset" 483
"../../../Engine/Content/VREditor/TransformGizmo/TransformGizmoMaterial_Inst.uexp" 484
"../../../Engine/Content/VREditor/Sounds/UI/Gizmo_Handle_Clicked.ubulk" 485
"../../../Engine/Content/VREditor/Sounds/UI/Gizmo_Handle_Clicked.uasset" 486
"../../../Engine/Content/VREditor/Sounds/UI/Gizmo_Handle_Clicked.uexp" 487
"../../../Engine/Content/VREditor/TransformGizmo/RotationHandleQuarter.ubulk" 488
"../../../Engine/Content/VREditor/TransformGizmo/RotationHandleQuarter.uasset" 489
"../../../Engine/Content/VREditor/TransformGizmo/RotationHandleQuarter.uexp" 490
"../../../Engine/Content/VREditor/TransformGizmo/TranslateArrowHandle.ubulk" 491
"../../../Engine/Content/VREditor/TransformGizmo/TranslateArrowHandle.uasset" 492
"../../../Engine/Content/VREditor/TransformGizmo/TranslateArrowHandle.uexp" 493
"../../../Engine/Content/VREditor/TransformGizmo/RotationHandleIndicator.ubulk" 494
"../../../Engine/Content/VREditor/TransformGizmo/RotationHandleIndicator.uasset" 495
"../../../Engine/Content/VREditor/TransformGizmo/RotationHandleIndicator.uexp" 496
"../../../Engine/Content/VREditor/TransformGizmo/UniformScaleHandle.ubulk" 497
"../../../Engine/Content/VREditor/TransformGizmo/UniformScaleHandle.uasset" 498
"../../../Engine/Content/VREditor/TransformGizmo/UniformScaleHandle.uexp" 499
"../../../Engine/Content/VREditor/TransformGizmo/RotationHandleFull.ubulk" 500
"../../../Engine/Content/VREditor/TransformGizmo/RotationHandleFull.uasset" 501
"../../../Engine/Content/VREditor/TransformGizmo/RotationHandleFull.uexp" 502
"../../../Engine/Content/VREditor/Sounds/UI/Object_PickUp.ubulk" 503
"../../../Engine/Content/VREditor/Sounds/UI/Object_PickUp.uasset" 504
"../../../Engine/Content/VREditor/Sounds/UI/Object_PickUp.uexp" 505
"../../../Engine/Content/EngineSounds/Master.uasset" 506
"../../../Engine/Content/EngineSounds/Master.uexp" 507
"../../../Engine/Content/EngineResources/WhiteSquareTexture.uasset" 508
"../../../Engine/Content/EngineResources/WhiteSquareTexture.uexp" 509
"../../../Engine/Content/EngineMaterials/Widget3DPassThrough.uasset" 510
"../../../Engine/Content/EngineMaterials/Widget3DPassThrough.uexp" 511
"../../../Engine/Content/EngineMaterials/Widget3DPassThrough_Translucent.uasset" 512
"../../../Engine/Content/EngineMaterials/Widget3DPassThrough_Translucent.uexp" 513
"../../../Engine/Content/EngineMaterials/Widget3DPassThrough_Translucent_OneSided.uasset" 514
"../../../Engine/Content/EngineMaterials/Widget3DPassThrough_Translucent_OneSided.uexp" 515
"../../../Engine/Content/EngineMaterials/Widget3DPassThrough_Opaque.uasset" 516
"../../../Engine/Content/EngineMaterials/Widget3DPassThrough_Opaque.uexp" 517
"../../../Engine/Content/EngineMaterials/Widget3DPassThrough_Opaque_OneSided.uasset" 518
"../../../Engine/Content/EngineMaterials/Widget3DPassThrough_Opaque_OneSided.uexp" 519
"../../../Engine/Content/EngineMaterials/Widget3DPassThrough_Masked_OneSided.uasset" 520
"../../../Engine/Content/EngineMaterials/Widget3DPassThrough_Masked_OneSided.uexp" 521
"../../../Engine/Content/EngineMaterials/Widget3DPassThrough_Masked.uasset" 522
"../../../Engine/Content/EngineMaterials/Widget3DPassThrough_Masked.uexp" 523
"../../../Engine/Content/EngineMaterials/STBlueNoise_vec2_128x128x64.uasset" 524
"../../../Engine/Content/EngineMaterials/STBlueNoise_vec2_128x128x64.uexp" 525
"../../../Engine/Content/EngineMaterials/STBlueNoise_scalar_128x128x64.uasset" 526
"../../../Engine/Content/EngineMaterials/STBlueNoise_scalar_128x128x64.uexp" 527
"../../../Engine/Content/EngineMaterials/RemoveSurfaceMaterial.uasset" 528
"../../../Engine/Content/EngineMaterials/RemoveSurfaceMaterial.uexp" 529
"../../../Engine/Content/EngineMaterials/DefaultCalibrationGrayscale.uasset" 530
"../../../Engine/Content/EngineMaterials/DefaultCalibrationGrayscale.uexp" 531
"../../../Engine/Content/EngineMaterials/PPM_DefaultCalibrationGrayscale.uasset" 532
"../../../Engine/Content/EngineMaterials/PPM_DefaultCalibrationGrayscale.uexp" 533
"../../../Engine/Content/EngineMaterials/DefaultCalibrationColor.uasset" 534
"../../../Engine/Content/EngineMaterials/DefaultCalibrationColor.uexp" 535
"../../../Engine/Content/EngineMaterials/PPM_DefaultCalibrationColor.uasset" 536
"../../../Engine/Content/EngineMaterials/PPM_DefaultCalibrationColor.uexp" 537
"../../../Engine/Content/EngineMaterials/PhAT_JointLimitMaterial.uasset" 538
"../../../Engine/Content/EngineMaterials/PhAT_JointLimitMaterial.uexp" 539
"../../../Engine/Content/EngineMaterials/NaniteHiddenSectionMaterial.uasset" 540
"../../../Engine/Content/EngineMaterials/NaniteHiddenSectionMaterial.uexp" 541
"../../../Engine/Content/EngineMaterials/InvalidLightmapSettings.ubulk" 542
"../../../Engine/Content/EngineMaterials/InvalidLightmapSettings.uasset" 543
"../../../Engine/Content/EngineMaterials/InvalidLightmapSettings.uexp" 544
"../../../Engine/Content/EngineMaterials/M_InvalidLightmapSettings.uasset" 545
"../../../Engine/Content/EngineMaterials/M_InvalidLightmapSettings.uexp" 546
"../../../Engine/Content/EngineMaterials/GizmoMaterial.uasset" 547
"../../../Engine/Content/EngineMaterials/GizmoMaterial.uexp" 548
"../../../Engine/Content/EngineMaterials/BaseFlattenEmissiveMap_VT.uasset" 549
"../../../Engine/Content/EngineMaterials/BaseFlattenEmissiveMap_VT.uexp" 550
"../../../Engine/Content/EngineMaterials/BaseFlattenGrayscaleMap_VT.uasset" 551
"../../../Engine/Content/EngineMaterials/BaseFlattenGrayscaleMap_VT.uexp" 552
"../../../Engine/Content/EngineMaterials/BaseFlattenLinearColor_VT.uasset" 553
"../../../Engine/Content/EngineMaterials/BaseFlattenLinearColor_VT.uexp" 554
"../../../Engine/Content/EngineMaterials/Black_1x1_EXR_Texture_VT.uasset" 555
"../../../Engine/Content/EngineMaterials/Black_1x1_EXR_Texture_VT.uexp" 556
"../../../Engine/Content/EngineMaterials/BaseFlattenDiffuseMap_VT.uasset" 557
"../../../Engine/Content/EngineMaterials/BaseFlattenDiffuseMap_VT.uexp" 558
"../../../Engine/Content/EngineMaterials/BaseFlattenNormalMap_VT.uasset" 559
"../../../Engine/Content/EngineMaterials/BaseFlattenNormalMap_VT.uexp" 560
"../../../Engine/Content/EngineMaterials/FlattenMaterial_WS_Normal_VT.uasset" 561
"../../../Engine/Content/EngineMaterials/FlattenMaterial_WS_Normal_VT.uexp" 562
"../../../Engine/Content/EngineMaterials/FlattenMaterial_VT.uasset" 563
"../../../Engine/Content/EngineMaterials/FlattenMaterial_VT.uexp" 564
"../../../Engine/Content/EngineMaterials/BaseFlattenNormalMap.uasset" 565
"../../../Engine/Content/EngineMaterials/BaseFlattenNormalMap.uexp" 566
"../../../Engine/Content/EngineMaterials/BaseFlattenGrayscaleMap.uasset" 567
"../../../Engine/Content/EngineMaterials/BaseFlattenGrayscaleMap.uexp" 568
"../../../Engine/Content/EngineMaterials/BaseFlattenDiffuseMap.uasset" 569
"../../../Engine/Content/EngineMaterials/BaseFlattenDiffuseMap.uexp" 570
"../../../Engine/Content/Functions/Engine_MaterialFunctions02/PivotPainter2/Black_1x1_EXR_Texture.uasset" 571
"../../../Engine/Content/Functions/Engine_MaterialFunctions02/PivotPainter2/Black_1x1_EXR_Texture.uexp" 572
"../../../Engine/Content/EngineMaterials/BaseFlattenEmissiveMap.uasset" 573
"../../../Engine/Content/EngineMaterials/BaseFlattenEmissiveMap.uexp" 574
"../../../Engine/Content/EngineMaterials/BaseFlattenLinearColor.uasset" 575
"../../../Engine/Content/EngineMaterials/BaseFlattenLinearColor.uexp" 576
"../../../Engine/Content/EngineMaterials/FlattenMaterial.uasset" 577
"../../../Engine/Content/EngineMaterials/FlattenMaterial.uexp" 578
"../../../Engine/Content/EngineMaterials/DefaultWhiteGrid_Low.uasset" 579
"../../../Engine/Content/EngineMaterials/DefaultWhiteGrid_Low.uexp" 580
"../../../Engine/Content/EngineMaterials/EmissiveMeshMaterial.uasset" 581
"../../../Engine/Content/EngineMaterials/EmissiveMeshMaterial.uexp" 582
"../../../Engine/Content/EngineFonts/RobotoDistanceField.uasset" 583
"../../../Engine/Content/EngineFonts/RobotoDistanceField.uexp" 584
"../../../Engine/Content/EngineMaterials/DefaultTextMaterialOpaque.uasset" 585
"../../../Engine/Content/EngineMaterials/DefaultTextMaterialOpaque.uexp" 586
"../../../Engine/Content/EngineMaterials/DefaultDiffuse.ubulk" 587
"../../../Engine/Content/EngineMaterials/DefaultDiffuse.uasset" 588
"../../../Engine/Content/EngineMaterials/DefaultDiffuse.uexp" 589
"../../../Engine/Content/Functions/Engine_MaterialFunctions02/Utility/BreakOutFloat2Components.uasset" 590
"../../../Engine/Content/Functions/Engine_MaterialFunctions02/Utility/BreakOutFloat2Components.uexp" 591
"../../../Engine/Content/EngineMaterials/DefaultPostProcessMaterial.uasset" 592
"../../../Engine/Content/EngineMaterials/DefaultPostProcessMaterial.uexp" 593
"../../../Engine/Content/EngineMaterials/DefaultPhysicalMaterial.uasset" 594
"../../../Engine/Content/EngineMaterials/DefaultPhysicalMaterial.uexp" 595
"../../../Engine/Content/EngineMaterials/DefaultLightFunctionMaterial.uasset" 596
"../../../Engine/Content/EngineMaterials/DefaultLightFunctionMaterial.uexp" 597
"../../../Engine/Content/EngineMaterials/DefaultDestructiblePhysicalMaterial.uasset" 598
"../../../Engine/Content/EngineMaterials/DefaultDestructiblePhysicalMaterial.uexp" 599
"../../../Engine/Content/EngineMaterials/DefaultDeferredDecalMaterial.uasset" 600
"../../../Engine/Content/EngineMaterials/DefaultDeferredDecalMaterial.uexp" 601
"../../../Engine/Content/EngineMaterials/DefaultBloomKernel.uasset" 602
"../../../Engine/Content/EngineMaterials/DefaultBloomKernel.uexp" 603
"../../../Engine/Content/EngineFonts/Faces/RobotoLight.uexp" 604
"../../../Engine/Content/EngineFonts/Faces/RobotoLight.uasset" 605
"../../../Engine/Content/EngineFonts/Faces/RobotoLight.ufont" 606
"../../../Engine/Content/EngineFonts/Faces/RobotoBold.uexp" 607
"../../../Engine/Content/EngineFonts/Faces/RobotoBold.uasset" 608
"../../../Engine/Content/EngineFonts/Faces/RobotoBold.ufont" 609
"../../../Engine/Content/EngineFonts/Faces/RobotoRegular.uexp" 610
"../../../Engine/Content/EngineFonts/Faces/RobotoRegular.uasset" 611
"../../../Engine/Content/EngineFonts/Faces/RobotoRegular.ufont" 612
"../../../Engine/Content/EngineFonts/Faces/DroidSansFallback.uexp" 613
"../../../Engine/Content/EngineFonts/Faces/DroidSansFallback.uasset" 614
"../../../Engine/Content/EngineFonts/Faces/DroidSansFallback.ufont" 615
"../../../Engine/Content/EngineFonts/Faces/RobotoItalic.uexp" 616
"../../../Engine/Content/EngineFonts/Faces/RobotoItalic.uasset" 617
"../../../Engine/Content/EngineFonts/Faces/RobotoItalic.ufont" 618
"../../../Engine/Content/EngineFonts/Faces/RobotoBoldItalic.uexp" 619
"../../../Engine/Content/EngineFonts/Faces/RobotoBoldItalic.uasset" 620
"../../../Engine/Content/EngineFonts/Faces/RobotoBoldItalic.ufont" 621
"../../../Engine/Content/EngineFonts/Roboto.uasset" 622
"../../../Engine/Content/EngineFonts/Roboto.uexp" 623
"../../../Engine/Content/EngineDebugMaterials/VolumeToRender.uasset" 624
"../../../Engine/Content/EngineDebugMaterials/VolumeToRender.uexp" 625
"../../../Engine/Content/EngineDebugMaterials/M_VolumeRenderSphereTracePP.uasset" 626
"../../../Engine/Content/EngineDebugMaterials/M_VolumeRenderSphereTracePP.uexp" 627
"../../../Engine/Content/EngineDebugMaterials/M_SimpleUnlitTranslucent.uasset" 628
"../../../Engine/Content/EngineDebugMaterials/M_SimpleUnlitTranslucent.uexp" 629
"../../../Engine/Content/EngineDebugMaterials/DebugMeshMaterial.uasset" 630
"../../../Engine/Content/EngineDebugMaterials/DebugMeshMaterial.uexp" 631
"../../../Engine/Content/EngineDebugMaterials/DebugEditorMaterial.uasset" 632
"../../../Engine/Content/EngineDebugMaterials/DebugEditorMaterial.uexp" 633
"../../../Engine/Content/EngineDamageTypes/DmgTypeBP_Environmental.uasset" 634
"../../../Engine/Content/EngineDamageTypes/DmgTypeBP_Environmental.uexp" 635
"../../../Engine/Content/EditorResources/S_Terrain.ubulk" 636
"../../../Engine/Content/EditorResources/S_Terrain.uasset" 637
"../../../Engine/Content/EditorResources/S_Terrain.uexp" 638
"../../../Engine/Content/EditorResources/EmptyActor.uasset" 639
"../../../Engine/Content/EditorResources/EmptyActor.uexp" 640
"../../../Engine/Content/EditorResources/BSPVertex.uasset" 641
"../../../Engine/Content/EditorResources/BSPVertex.uexp" 642
"../../../Engine/Content/EditorMaterials/PreviewShadowIndicator.ubulk" 643
"../../../Engine/Content/EditorMaterials/PreviewShadowIndicator.uasset" 644
"../../../Engine/Content/EditorMaterials/PreviewShadowIndicator.uexp" 645
"../../../Engine/Content/EditorMaterials/PreviewShadowIndicatorMaterial.uasset" 646
"../../../Engine/Content/EditorMaterials/PreviewShadowIndicatorMaterial.uexp" 647
"../../../Engine/Content/EditorMaterials/PhAT_UnselectedMaterial.uasset" 648
"../../../Engine/Content/EditorMaterials/PhAT_UnselectedMaterial.uexp" 649
"../../../Engine/Content/EditorMaterials/PhAT_NoCollisionMaterial.uasset" 650
"../../../Engine/Content/EditorMaterials/PhAT_NoCollisionMaterial.uexp" 651
"../../../Engine/Content/EditorLandscapeResources/DefaultAlphaTexture.uasset" 652
"../../../Engine/Content/EditorLandscapeResources/DefaultAlphaTexture.uexp" 653
"../../../Engine/Content/EditorLandscapeResources/DataLayer.uasset" 654
"../../../Engine/Content/EditorLandscapeResources/DataLayer.uexp" 655
"../../../Engine/Content/BasicShapes/Plane.ubulk" 656
"../../../Engine/Content/BasicShapes/Plane.uasset" 657
"../../../Engine/Content/BasicShapes/Plane.uexp" 658
"../../../Engine/Content/EngineMaterials/DefaultMaterial.uasset" 659
"../../../Engine/Content/EngineMaterials/DefaultMaterial.uexp" 660
"../../../Engine/Content/BasicShapes/Cylinder.ubulk" 661
"../../../Engine/Content/BasicShapes/Cylinder.uasset" 662
"../../../Engine/Content/BasicShapes/Cylinder.uexp" 663
"../../../Engine/Content/BasicShapes/Cube.ubulk" 664
"../../../Engine/Content/BasicShapes/Cube.uasset" 665
"../../../Engine/Content/BasicShapes/Cube.uexp" 666
"../../../Engine/Content/BasicShapes/Cone.ubulk" 667
"../../../Engine/Content/BasicShapes/Cone.uasset" 668
"../../../Engine/Content/BasicShapes/Cone.uexp" 669
"../../../Engine/Content/BasicShapes/BasicShapeMaterial.uasset" 670
"../../../Engine/Content/BasicShapes/BasicShapeMaterial.uexp" 671
"../../../Engine/Content/Animation/DefaultRecorderBoneCompression.uasset" 672
"../../../Engine/Content/Animation/DefaultRecorderBoneCompression.uexp" 673
"../../../Engine/Content/EditorResources/SequenceRecorder/RecordingIndicator.uasset" 674
"../../../Engine/Content/EditorResources/SequenceRecorder/RecordingIndicator.uexp" 675
"../../../Engine/Content/EditorResources/SequenceRecorder/Countdown.uasset" 676
"../../../Engine/Content/EditorResources/SequenceRecorder/Countdown.uexp" 677
"../../../Engine/Plugins/Interchange/Runtime/Content/gltf/MaterialFunctions/MF_RotateV2.uasset" 678
"../../../Engine/Plugins/Interchange/Runtime/Content/gltf/MaterialFunctions/MF_RotateV2.uexp" 679
"../../../Engine/Plugins/Interchange/Runtime/Content/gltf/MaterialFunctions/MF_TransformUVs.uasset" 680
"../../../Engine/Plugins/Interchange/Runtime/Content/gltf/MaterialFunctions/MF_TransformUVs.uexp" 681
"../../../Engine/Plugins/Interchange/Runtime/Content/gltf/Textures/T_White_srgb.uasset" 682
"../../../Engine/Plugins/Interchange/Runtime/Content/gltf/Textures/T_White_srgb.uexp" 683
"../../../Engine/Plugins/Interchange/Runtime/Content/gltf/MaterialFunctions/MF_BaseColor.uasset" 684
"../../../Engine/Plugins/Interchange/Runtime/Content/gltf/MaterialFunctions/MF_BaseColor.uexp" 685
"../../../Engine/Plugins/Interchange/Runtime/Content/gltf/MaterialBodies/MF_Unlit_Body.uasset" 686
"../../../Engine/Plugins/Interchange/Runtime/Content/gltf/MaterialBodies/MF_Unlit_Body.uexp" 687
"../../../Engine/Plugins/Interchange/Runtime/Content/gltf/M_Unlit.uasset" 688
"../../../Engine/Plugins/Interchange/Runtime/Content/gltf/M_Unlit.uexp" 689
"../../../Engine/Plugins/Interchange/Runtime/Content/gltf/MaterialInstances/MI_Unlit_Opaque_DS.uasset" 690
"../../../Engine/Plugins/Interchange/Runtime/Content/gltf/MaterialInstances/MI_Unlit_Opaque_DS.uexp" 691
"../../../Engine/Plugins/Interchange/Runtime/Content/gltf/MaterialInstances/MI_Unlit_Opaque.uasset" 692
"../../../Engine/Plugins/Interchange/Runtime/Content/gltf/MaterialInstances/MI_Unlit_Opaque.uexp" 693
"../../../Engine/Plugins/Interchange/Runtime/Content/gltf/MaterialInstances/MI_Unlit_Mask_DS.uasset" 694
"../../../Engine/Plugins/Interchange/Runtime/Content/gltf/MaterialInstances/MI_Unlit_Mask_DS.uexp" 695
"../../../Engine/Plugins/Interchange/Runtime/Content/gltf/MaterialInstances/MI_Unlit_Mask.uasset" 696
"../../../Engine/Plugins/Interchange/Runtime/Content/gltf/MaterialInstances/MI_Unlit_Mask.uexp" 697
"../../../Engine/Plugins/Interchange/Runtime/Content/gltf/MaterialInstances/MI_Unlit_Blend_DS.uasset" 698
"../../../Engine/Plugins/Interchange/Runtime/Content/gltf/MaterialInstances/MI_Unlit_Blend_DS.uexp" 699
"../../../Engine/Plugins/Interchange/Runtime/Content/gltf/MaterialInstances/MI_Unlit_Blend.uasset" 700
"../../../Engine/Plugins/Interchange/Runtime/Content/gltf/MaterialInstances/MI_Unlit_Blend.uexp" 701
"../../../Engine/Plugins/Interchange/Runtime/Content/gltf/MaterialFunctions/MF_Iridescence.uasset" 702
"../../../Engine/Plugins/Interchange/Runtime/Content/gltf/MaterialFunctions/MF_Iridescence.uexp" 703
"../../../Engine/Plugins/Interchange/Runtime/Content/gltf/Textures/T_White_Linear.uasset" 704
"../../../Engine/Plugins/Interchange/Runtime/Content/gltf/Textures/T_White_Linear.uexp" 705
"../../../Engine/Plugins/Interchange/Runtime/Content/gltf/MaterialFunctions/MF_MetallicRoughness.uasset" 706
"../../../Engine/Plugins/Interchange/Runtime/Content/gltf/MaterialFunctions/MF_MetallicRoughness.uexp" 707
"../../../Engine/Plugins/Interchange/Runtime/Content/gltf/MaterialFunctions/MF_Transmission.uasset" 708
"../../../Engine/Plugins/Interchange/Runtime/Content/gltf/MaterialFunctions/MF_Transmission.uexp" 709
"../../../Engine/Plugins/Interchange/Runtime/Content/gltf/MaterialFunctions/MF_Occlusion.uasset" 710
"../../../Engine/Plugins/Interchange/Runtime/Content/gltf/MaterialFunctions/MF_Occlusion.uexp" 711
"../../../Engine/Plugins/Interchange/Runtime/Content/gltf/MaterialFunctions/MF_Specular.uasset" 712
"../../../Engine/Plugins/Interchange/Runtime/Content/gltf/MaterialFunctions/MF_Specular.uexp" 713
"../../../Engine/Plugins/Interchange/Runtime/Content/gltf/MaterialFunctions/MF_IOR.uasset" 714
"../../../Engine/Plugins/Interchange/Runtime/Content/gltf/MaterialFunctions/MF_IOR.uexp" 715
"../../../Engine/Plugins/Interchange/Runtime/Content/gltf/MaterialFunctions/MF_RotateNormals_TS.uasset" 716
"../../../Engine/Plugins/Interchange/Runtime/Content/gltf/MaterialFunctions/MF_RotateNormals_TS.uexp" 717
"../../../Engine/Plugins/Interchange/Runtime/Content/gltf/Textures/T_Generic_N.uasset" 718
"../../../Engine/Plugins/Interchange/Runtime/Content/gltf/Textures/T_Generic_N.uexp" 719
"../../../Engine/Plugins/Interchange/Runtime/Content/gltf/MaterialFunctions/MF_Normals.uasset" 720
"../../../Engine/Plugins/Interchange/Runtime/Content/gltf/MaterialFunctions/MF_Normals.uexp" 721
"../../../Engine/Plugins/Interchange/Runtime/Content/gltf/MaterialBodies/MF_Transmission_Body.uasset" 722
"../../../Engine/Plugins/Interchange/Runtime/Content/gltf/MaterialBodies/MF_Transmission_Body.uexp" 723
"../../../Engine/Plugins/Interchange/Runtime/Content/gltf/M_Transmission.uasset" 724
"../../../Engine/Plugins/Interchange/Runtime/Content/gltf/M_Transmission.uexp" 725
"../../../Engine/Plugins/Interchange/Runtime/Content/gltf/MaterialInstances/MI_Transmission_DS.uasset" 726
"../../../Engine/Plugins/Interchange/Runtime/Content/gltf/MaterialInstances/MI_Transmission_DS.uexp" 727
"../../../Engine/Plugins/Interchange/Runtime/Content/gltf/MaterialInstances/MI_Transmission.uasset" 728
"../../../Engine/Plugins/Interchange/Runtime/Content/gltf/MaterialInstances/MI_Transmission.uexp" 729
"../../../Engine/Plugins/Interchange/Runtime/Content/gltf/MaterialFunctions/MF_DiffuseSpecGloss.uasset" 730
"../../../Engine/Plugins/Interchange/Runtime/Content/gltf/MaterialFunctions/MF_DiffuseSpecGloss.uexp" 731
"../../../Engine/Content/Functions/Engine_MaterialFunctions02/Math/AddComponents.uasset" 732
"../../../Engine/Content/Functions/Engine_MaterialFunctions02/Math/AddComponents.uexp" 733
"../../../Engine/Plugins/Interchange/Runtime/Content/gltf/MaterialFunctions/MF_PerceivedBrightness.uasset" 734
"../../../Engine/Plugins/Interchange/Runtime/Content/gltf/MaterialFunctions/MF_PerceivedBrightness.uexp" 735
"../../../Engine/Plugins/Interchange/Runtime/Content/gltf/MaterialFunctions/MF_Emissive.uasset" 736
"../../../Engine/Plugins/Interchange/Runtime/Content/gltf/MaterialFunctions/MF_Emissive.uexp" 737
"../../../Engine/Plugins/Interchange/Runtime/Content/gltf/MaterialFunctions/MF_SpecGlossToMetalRoughness.uasset" 738
"../../../Engine/Plugins/Interchange/Runtime/Content/gltf/MaterialFunctions/MF_SpecGlossToMetalRoughness.uexp" 739
"../../../Engine/Plugins/Interchange/Runtime/Content/gltf/MaterialBodies/MF_SpecularGlossiness_Body.uasset" 740
"../../../Engine/Plugins/Interchange/Runtime/Content/gltf/MaterialBodies/MF_SpecularGlossiness_Body.uexp" 741
"../../../Engine/Plugins/Interchange/Runtime/Content/gltf/M_SpecularGlossiness.uasset" 742
"../../../Engine/Plugins/Interchange/Runtime/Content/gltf/M_SpecularGlossiness.uexp" 743
"../../../Engine/Plugins/Interchange/Runtime/Content/gltf/MaterialInstances/MI_SpecularGlossiness_Opaque_DS.uasset" 744
"../../../Engine/Plugins/Interchange/Runtime/Content/gltf/MaterialInstances/MI_SpecularGlossiness_Opaque_DS.uexp" 745
"../../../Engine/Plugins/Interchange/Runtime/Content/gltf/MaterialInstances/MI_SpecularGlossiness_Opaque.uasset" 746
"../../../Engine/Plugins/Interchange/Runtime/Content/gltf/MaterialInstances/MI_SpecularGlossiness_Opaque.uexp" 747
"../../../Engine/Plugins/Interchange/Runtime/Content/gltf/MaterialInstances/MI_SpecularGlossiness_Mask_DS.uasset" 748
"../../../Engine/Plugins/Interchange/Runtime/Content/gltf/MaterialInstances/MI_SpecularGlossiness_Mask_DS.uexp" 749
"../../../Engine/Plugins/Interchange/Runtime/Content/gltf/MaterialInstances/MI_SpecularGlossiness_Mask.uasset" 750
"../../../Engine/Plugins/Interchange/Runtime/Content/gltf/MaterialInstances/MI_SpecularGlossiness_Mask.uexp" 751
"../../../Engine/Plugins/Interchange/Runtime/Content/gltf/MaterialInstances/MI_SpecularGlossiness_Blend_DS.uasset" 752
"../../../Engine/Plugins/Interchange/Runtime/Content/gltf/MaterialInstances/MI_SpecularGlossiness_Blend_DS.uexp" 753
"../../../Engine/Plugins/Interchange/Runtime/Content/gltf/MaterialInstances/MI_SpecularGlossiness_Blend.uasset" 754
"../../../Engine/Plugins/Interchange/Runtime/Content/gltf/MaterialInstances/MI_SpecularGlossiness_Blend.uexp" 755
"../../../Engine/Plugins/Interchange/Runtime/Content/gltf/MaterialFunctions/MF_Sheen.uasset" 756
"../../../Engine/Plugins/Interchange/Runtime/Content/gltf/MaterialFunctions/MF_Sheen.uexp" 757
"../../../Engine/Plugins/Interchange/Runtime/Content/gltf/MaterialBodies/MF_Sheen_Body.uasset" 758
"../../../Engine/Plugins/Interchange/Runtime/Content/gltf/MaterialBodies/MF_Sheen_Body.uexp" 759
"../../../Engine/Plugins/Interchange/Runtime/Content/gltf/M_Sheen.uasset" 760
"../../../Engine/Plugins/Interchange/Runtime/Content/gltf/M_Sheen.uexp" 761
"../../../Engine/Plugins/Interchange/Runtime/Content/gltf/MaterialInstances/MI_Sheen_Opaque_DS.uasset" 762
"../../../Engine/Plugins/Interchange/Runtime/Content/gltf/MaterialInstances/MI_Sheen_Opaque_DS.uexp" 763
"../../../Engine/Plugins/Interchange/Runtime/Content/gltf/MaterialInstances/MI_Sheen_Opaque.uasset" 764
"../../../Engine/Plugins/Interchange/Runtime/Content/gltf/MaterialInstances/MI_Sheen_Opaque.uexp" 765
"../../../Engine/Plugins/Interchange/Runtime/Content/gltf/MaterialInstances/MI_Sheen_Mask_DS.uasset" 766
"../../../Engine/Plugins/Interchange/Runtime/Content/gltf/MaterialInstances/MI_Sheen_Mask_DS.uexp" 767
"../../../Engine/Plugins/Interchange/Runtime/Content/gltf/MaterialInstances/MI_Sheen_Mask.uasset" 768
"../../../Engine/Plugins/Interchange/Runtime/Content/gltf/MaterialInstances/MI_Sheen_Mask.uexp" 769
"../../../Engine/Plugins/Interchange/Runtime/Content/gltf/MaterialInstances/MI_Sheen_Blend_DS.uasset" 770
"../../../Engine/Plugins/Interchange/Runtime/Content/gltf/MaterialInstances/MI_Sheen_Blend_DS.uexp" 771
"../../../Engine/Plugins/Interchange/Runtime/Content/gltf/MaterialInstances/MI_Sheen_Blend.uasset" 772
"../../../Engine/Plugins/Interchange/Runtime/Content/gltf/MaterialInstances/MI_Sheen_Blend.uexp" 773
"../../../Engine/Plugins/Interchange/Runtime/Content/gltf/MaterialBodies/MF_Default_Body.uasset" 774
"../../../Engine/Plugins/Interchange/Runtime/Content/gltf/MaterialBodies/MF_Default_Body.uexp" 775
"../../../Engine/Plugins/Interchange/Runtime/Content/gltf/M_Default.uasset" 776
"../../../Engine/Plugins/Interchange/Runtime/Content/gltf/M_Default.uexp" 777
"../../../Engine/Plugins/Interchange/Runtime/Content/gltf/MaterialInstances/MI_Default_Opaque_DS.uasset" 778
"../../../Engine/Plugins/Interchange/Runtime/Content/gltf/MaterialInstances/MI_Default_Opaque_DS.uexp" 779
"../../../Engine/Plugins/Interchange/Runtime/Content/gltf/MaterialInstances/MI_Default_Opaque.uasset" 780
"../../../Engine/Plugins/Interchange/Runtime/Content/gltf/MaterialInstances/MI_Default_Opaque.uexp" 781
"../../../Engine/Plugins/Interchange/Runtime/Content/gltf/MaterialInstances/MI_Default_Mask_DS.uasset" 782
"../../../Engine/Plugins/Interchange/Runtime/Content/gltf/MaterialInstances/MI_Default_Mask_DS.uexp" 783
"../../../Engine/Plugins/Interchange/Runtime/Content/gltf/MaterialInstances/MI_Default_Mask.uasset" 784
"../../../Engine/Plugins/Interchange/Runtime/Content/gltf/MaterialInstances/MI_Default_Mask.uexp" 785
"../../../Engine/Plugins/Interchange/Runtime/Content/gltf/MaterialInstances/MI_Default_Blend_DS.uasset" 786
"../../../Engine/Plugins/Interchange/Runtime/Content/gltf/MaterialInstances/MI_Default_Blend_DS.uexp" 787
"../../../Engine/Plugins/Interchange/Runtime/Content/gltf/MaterialInstances/MI_Default_Blend.uasset" 788
"../../../Engine/Plugins/Interchange/Runtime/Content/gltf/MaterialInstances/MI_Default_Blend.uexp" 789
"../../../Engine/Content/Functions/Engine_MaterialFunctions01/Texturing/FlattenNormal.uasset" 790
"../../../Engine/Content/Functions/Engine_MaterialFunctions01/Texturing/FlattenNormal.uexp" 791
"../../../Engine/Plugins/Interchange/Runtime/Content/gltf/MaterialFunctions/MF_Clearcoat.uasset" 792
"../../../Engine/Plugins/Interchange/Runtime/Content/gltf/MaterialFunctions/MF_Clearcoat.uexp" 793
"../../../Engine/Plugins/Interchange/Runtime/Content/gltf/MaterialBodies/MF_ClearCoat_Body.uasset" 794
"../../../Engine/Plugins/Interchange/Runtime/Content/gltf/MaterialBodies/MF_ClearCoat_Body.uexp" 795
"../../../Engine/Plugins/Interchange/Runtime/Content/gltf/M_ClearCoat.uasset" 796
"../../../Engine/Plugins/Interchange/Runtime/Content/gltf/M_ClearCoat.uexp" 797
"../../../Engine/Plugins/Interchange/Runtime/Content/gltf/MaterialInstances/MI_ClearCoat_Opaque_DS.uasset" 798
"../../../Engine/Plugins/Interchange/Runtime/Content/gltf/MaterialInstances/MI_ClearCoat_Opaque_DS.uexp" 799
"../../../Engine/Plugins/Interchange/Runtime/Content/gltf/MaterialInstances/MI_ClearCoat_Opaque.uasset" 800
"../../../Engine/Plugins/Interchange/Runtime/Content/gltf/MaterialInstances/MI_ClearCoat_Opaque.uexp" 801
"../../../Engine/Plugins/Interchange/Runtime/Content/gltf/MaterialInstances/MI_ClearCoat_Mask_DS.uasset" 802
"../../../Engine/Plugins/Interchange/Runtime/Content/gltf/MaterialInstances/MI_ClearCoat_Mask_DS.uexp" 803
"../../../Engine/Plugins/Interchange/Runtime/Content/gltf/MaterialInstances/MI_ClearCoat_Mask.uasset" 804
"../../../Engine/Plugins/Interchange/Runtime/Content/gltf/MaterialInstances/MI_ClearCoat_Mask.uexp" 805
"../../../Engine/Plugins/Interchange/Runtime/Content/gltf/MaterialInstances/MI_ClearCoat_Blend_DS.uasset" 806
"../../../Engine/Plugins/Interchange/Runtime/Content/gltf/MaterialInstances/MI_ClearCoat_Blend_DS.uexp" 807
"../../../Engine/Plugins/Interchange/Runtime/Content/gltf/MaterialInstances/MI_ClearCoat_Blend.uasset" 808
"../../../Engine/Plugins/Interchange/Runtime/Content/gltf/MaterialInstances/MI_ClearCoat_Blend.uexp" 809
"../../../Engine/Content/MobileResources/HUD/VirtualJoystick_Background.uasset" 810
"../../../Engine/Content/MobileResources/HUD/VirtualJoystick_Background.uexp" 811
"../../../Engine/Content/MobileResources/HUD/VirtualJoystick_Thumb.uasset" 812
"../../../Engine/Content/MobileResources/HUD/VirtualJoystick_Thumb.uexp" 813
"../../../Engine/Content/MobileResources/HUD/DefaultVirtualJoysticks.uasset" 814
"../../../Engine/Content/MobileResources/HUD/DefaultVirtualJoysticks.uexp" 815
"../../../Engine/Content/EngineSky/VolumetricClouds/CloudWeatherTexture.uasset" 816
"../../../Engine/Content/EngineSky/VolumetricClouds/CloudWeatherTexture.uexp" 817
"../../../Engine/Content/EngineSky/VolumetricClouds/CloudGradientTexture.uasset" 818
"../../../Engine/Content/EngineSky/VolumetricClouds/CloudGradientTexture.uexp" 819
"../../../Engine/Content/EngineSky/VolumetricClouds/T_NoiseShape64.ubulk" 820
"../../../Engine/Content/EngineSky/VolumetricClouds/T_NoiseShape64.uasset" 821
"../../../Engine/Content/EngineSky/VolumetricClouds/T_NoiseShape64.uexp" 822
"../../../Engine/Content/EngineSky/VolumetricClouds/T_VolumeNoiseShape64.uasset" 823
"../../../Engine/Content/EngineSky/VolumetricClouds/T_VolumeNoiseShape64.uexp" 824
"../../../Engine/Content/EngineSky/VolumetricClouds/T_NoiseErosion.ubulk" 825
"../../../Engine/Content/EngineSky/VolumetricClouds/T_NoiseErosion.uasset" 826
"../../../Engine/Content/EngineSky/VolumetricClouds/T_NoiseErosion.uexp" 827
"../../../Engine/Content/EngineSky/VolumetricClouds/T_VolumeNoiseErosion32.uasset" 828
"../../../Engine/Content/EngineSky/VolumetricClouds/T_VolumeNoiseErosion32.uexp" 829
"../../../Engine/Content/EngineSky/VolumetricClouds/m_SimpleVolumetricCloud.uasset" 830
"../../../Engine/Content/EngineSky/VolumetricClouds/m_SimpleVolumetricCloud.uexp" 831
"../../../Engine/Content/EngineSky/VolumetricClouds/m_SimpleVolumetricCloud_Inst.uasset" 832
"../../../Engine/Content/EngineSky/VolumetricClouds/m_SimpleVolumetricCloud_Inst.uexp" 833
"../../../Engine/Content/EngineResources/FilmGrains/Marcie_Grain_v3_128_M2_000.uasset" 834
"../../../Engine/Content/EngineResources/FilmGrains/Marcie_Grain_v3_128_M2_000.uexp" 835
"../../../Engine/Content/EditorMaterials/Dataflow/DataflowVertexMaterial.uasset" 836
"../../../Engine/Content/EditorMaterials/Dataflow/DataflowVertexMaterial.uexp" 837
"../../../Engine/Content/Functions/Engine_MaterialFunctions01/Shading/PowerToRoughness.uasset" 838
"../../../Engine/Content/Functions/Engine_MaterialFunctions01/Shading/PowerToRoughness.uexp" 839
"../../../Engine/Content/Functions/Engine_MaterialFunctions01/Shading/ConvertFromDiffSpec.uasset" 840
"../../../Engine/Content/Functions/Engine_MaterialFunctions01/Shading/ConvertFromDiffSpec.uexp" 841
"../../../Engine/Content/EngineMaterials/Substrate/Volume/SubstrateSimpleVolumeLUT3D.uasset" 842
"../../../Engine/Content/EngineMaterials/Substrate/Volume/SubstrateSimpleVolumeLUT3D.uexp" 843
"../../../Engine/Content/EngineMaterials/Substrate/Volume/SubstrateSimpleVolumeEnvLUT3D.uasset" 844
"../../../Engine/Content/EngineMaterials/Substrate/Volume/SubstrateSimpleVolumeEnvLUT3D.uexp" 845
"../../../Engine/Content/EngineMaterials/Substrate/GLints2/AGlintTex2dArray2.uasset" 846
"../../../Engine/Content/EngineMaterials/Substrate/GLints2/AGlintTex2dArray2.uexp" 847
"../../../Engine/Content/EngineMaterials/Substrate/GLints/AGlintTex2dArray.uasset" 848
"../../../Engine/Content/EngineMaterials/Substrate/GLints/AGlintTex2dArray.uexp" 849
"../../../Engine/Plugins/FX/Niagara/Content/VectorFields/Assets/TilingCurl32.uasset" 850
"../../../Engine/Plugins/FX/Niagara/Content/VectorFields/Assets/TilingCurl32.uexp" 851
"E:/UnrealProjects/TA-Houdini/TA_UE5/TechArt_Template/Content/MyContent/Materials/Leaf.uasset" 852
"E:/UnrealProjects/TA-Houdini/TA_UE5/TechArt_Template/Content/MyContent/Materials/Leaf.uexp" 853
"E:/UnrealProjects/TA-Houdini/TA_UE5/TechArt_Template/Content/MyContent/FX/Particles/M_Leaves.uasset" 854
"E:/UnrealProjects/TA-Houdini/TA_UE5/TechArt_Template/Content/MyContent/FX/Particles/M_Leaves.uexp" 855
"E:/UnrealProjects/TA-Houdini/TA_UE5/TechArt_Template/Content/MyContent/FX/NS_Leaves.uasset" 856
"E:/UnrealProjects/TA-Houdini/TA_UE5/TechArt_Template/Content/MyContent/FX/NS_Leaves.uexp" 857
"E:/UnrealProjects/TA-Houdini/TA_UE5/TechArt_Template/Content/LevelPrototyping/Materials/M_Solid.uasset" 858
"E:/UnrealProjects/TA-Houdini/TA_UE5/TechArt_Template/Content/LevelPrototyping/Materials/M_Solid.uexp" 859
"E:/UnrealProjects/TA-Houdini/TA_UE5/TechArt_Template/Content/LevelPrototyping/Materials/MI_Solid_Blue.uasset" 860
"E:/UnrealProjects/TA-Houdini/TA_UE5/TechArt_Template/Content/LevelPrototyping/Materials/MI_Solid_Blue.uexp" 861
"E:/UnrealProjects/TA-Houdini/TA_UE5/TechArt_Template/Content/LevelPrototyping/Meshes/SM_ChamferCube.ubulk" 862
"E:/UnrealProjects/TA-Houdini/TA_UE5/TechArt_Template/Content/LevelPrototyping/Meshes/SM_ChamferCube.uasset" 863
"E:/UnrealProjects/TA-Houdini/TA_UE5/TechArt_Template/Content/LevelPrototyping/Meshes/SM_ChamferCube.uexp" 864
"E:/UnrealProjects/TA-Houdini/TA_UE5/TechArt_Template/Content/LevelPrototyping/Textures/T_GridChecker_A.ubulk" 865
"E:/UnrealProjects/TA-Houdini/TA_UE5/TechArt_Template/Content/LevelPrototyping/Textures/T_GridChecker_A.uasset" 866
"E:/UnrealProjects/TA-Houdini/TA_UE5/TechArt_Template/Content/LevelPrototyping/Textures/T_GridChecker_A.uexp" 867
"../../../Engine/Content/Functions/Engine_MaterialFunctions01/Gradient/LinearGradient.uasset" 868
"../../../Engine/Content/Functions/Engine_MaterialFunctions01/Gradient/LinearGradient.uexp" 869
"../../../Engine/Content/Functions/Engine_MaterialFunctions01/ImageAdjustment/CheapContrast.uasset" 870
"../../../Engine/Content/Functions/Engine_MaterialFunctions01/ImageAdjustment/CheapContrast.uexp" 871
"E:/UnrealProjects/TA-Houdini/TA_UE5/TechArt_Template/Content/LevelPrototyping/Materials/MF_ProcGrid.uasset" 872
"E:/UnrealProjects/TA-Houdini/TA_UE5/TechArt_Template/Content/LevelPrototyping/Materials/MF_ProcGrid.uexp" 873
"E:/UnrealProjects/TA-Houdini/TA_UE5/TechArt_Template/Content/LevelPrototyping/Materials/M_PrototypeGrid.uasset" 874
"E:/UnrealProjects/TA-Houdini/TA_UE5/TechArt_Template/Content/LevelPrototyping/Materials/M_PrototypeGrid.uexp" 875
"E:/UnrealProjects/TA-Houdini/TA_UE5/TechArt_Template/Content/LevelPrototyping/Materials/MI_PrototypeGrid_Gray.uasset" 876
"E:/UnrealProjects/TA-Houdini/TA_UE5/TechArt_Template/Content/LevelPrototyping/Materials/MI_PrototypeGrid_Gray.uexp" 877
"E:/UnrealProjects/TA-Houdini/TA_UE5/TechArt_Template/Content/LevelPrototyping/Meshes/SM_Cube.ubulk" 878
"E:/UnrealProjects/TA-Houdini/TA_UE5/TechArt_Template/Content/LevelPrototyping/Meshes/SM_Cube.uasset" 879
"E:/UnrealProjects/TA-Houdini/TA_UE5/TechArt_Template/Content/LevelPrototyping/Meshes/SM_Cube.uexp" 880
"E:/UnrealProjects/TA-Houdini/TA_UE5/TechArt_Template/Content/LevelPrototyping/Materials/MI_PrototypeGrid_TopDark.uasset" 881
"E:/UnrealProjects/TA-Houdini/TA_UE5/TechArt_Template/Content/LevelPrototyping/Materials/MI_PrototypeGrid_TopDark.uexp" 882
"E:/UnrealProjects/TA-Houdini/TA_UE5/TechArt_Template/Content/MyContent/FX/M_DustFog.uasset" 883
"E:/UnrealProjects/TA-Houdini/TA_UE5/TechArt_Template/Content/MyContent/FX/M_DustFog.uexp" 884
"E:/UnrealProjects/TA-Houdini/TA_UE5/TechArt_Template/Content/MyContent/FX/M_DustParticle.uasset" 885
"E:/UnrealProjects/TA-Houdini/TA_UE5/TechArt_Template/Content/MyContent/FX/M_DustParticle.uexp" 886
"E:/UnrealProjects/TA-Houdini/TA_UE5/TechArt_Template/Content/MyContent/FX/NS_DustCloud.uasset" 887
"E:/UnrealProjects/TA-Houdini/TA_UE5/TechArt_Template/Content/MyContent/FX/NS_DustCloud.uexp" 888
"E:/UnrealProjects/TA-Houdini/TA_UE5/TechArt_Template/Content/LevelPrototyping/Meshes/SM_QuarterCylinder.ubulk" 889
"E:/UnrealProjects/TA-Houdini/TA_UE5/TechArt_Template/Content/LevelPrototyping/Meshes/SM_QuarterCylinder.uasset" 890
"E:/UnrealProjects/TA-Houdini/TA_UE5/TechArt_Template/Content/LevelPrototyping/Meshes/SM_QuarterCylinder.uexp" 891
"../../../Engine/Content/BasicShapes/Sphere.ubulk" 892
"../../../Engine/Content/BasicShapes/Sphere.uasset" 893
"../../../Engine/Content/BasicShapes/Sphere.uexp" 894
"E:/UnrealProjects/TA-Houdini/TA_UE5/TechArt_Template/Content/MyContent/Materials/Forcefield/T_Grid_PatternV_height.ubulk" 895
"E:/UnrealProjects/TA-Houdini/TA_UE5/TechArt_Template/Content/MyContent/Materials/Forcefield/T_Grid_PatternV_height.uasset" 896
"E:/UnrealProjects/TA-Houdini/TA_UE5/TechArt_Template/Content/MyContent/Materials/Forcefield/T_Grid_PatternV_height.uexp" 897
"E:/UnrealProjects/TA-Houdini/TA_UE5/TechArt_Template/Content/MyContent/Materials/Forcefield/T_Grid_Pattern_height.ubulk" 898
"E:/UnrealProjects/TA-Houdini/TA_UE5/TechArt_Template/Content/MyContent/Materials/Forcefield/T_Grid_Pattern_height.uasset" 899
"E:/UnrealProjects/TA-Houdini/TA_UE5/TechArt_Template/Content/MyContent/Materials/Forcefield/T_Grid_Pattern_height.uexp" 900
"E:/UnrealProjects/TA-Houdini/TA_UE5/TechArt_Template/Content/MyContent/FX/Shaders/M_Force.uasset" 901
"E:/UnrealProjects/TA-Houdini/TA_UE5/TechArt_Template/Content/MyContent/FX/Shaders/M_Force.uexp" 902
"E:/UnrealProjects/TA-Houdini/TA_UE5/TechArt_Template/Content/LevelPrototyping/Meshes/SM_Ramp.ubulk" 903
"E:/UnrealProjects/TA-Houdini/TA_UE5/TechArt_Template/Content/LevelPrototyping/Meshes/SM_Ramp.uasset" 904
"E:/UnrealProjects/TA-Houdini/TA_UE5/TechArt_Template/Content/LevelPrototyping/Meshes/SM_Ramp.uexp" 905
"E:/UnrealProjects/TA-Houdini/TA_UE5/TechArt_Template/Content/MyContent/FX/Particles/M_Fog.uasset" 906
"E:/UnrealProjects/TA-Houdini/TA_UE5/TechArt_Template/Content/MyContent/FX/Particles/M_Fog.uexp" 907
"E:/UnrealProjects/TA-Houdini/TA_UE5/TechArt_Template/Content/MyContent/FX/Particles/NS_Smoke.uasset" 908
"E:/UnrealProjects/TA-Houdini/TA_UE5/TechArt_Template/Content/MyContent/FX/Particles/NS_Smoke.uexp" 909
"../../../Engine/Plugins/FX/Niagara/Content/DefaultAssets/DefaultSpriteMaterial.uasset" 910
"../../../Engine/Plugins/FX/Niagara/Content/DefaultAssets/DefaultSpriteMaterial.uexp" 911
"E:/UnrealProjects/TA-Houdini/TA_UE5/TechArt_Template/Content/MyContent/Character/MixamoContent/Knight/Materials/Knight_normal.ubulk" 912
"E:/UnrealProjects/TA-Houdini/TA_UE5/TechArt_Template/Content/MyContent/Character/MixamoContent/Knight/Materials/Knight_normal.uasset" 913
"E:/UnrealProjects/TA-Houdini/TA_UE5/TechArt_Template/Content/MyContent/Character/MixamoContent/Knight/Materials/Knight_normal.uexp" 914
"E:/UnrealProjects/TA-Houdini/TA_UE5/TechArt_Template/Content/MyContent/Character/MixamoContent/Knight/Materials/Knight_diffuse.ubulk" 915
"E:/UnrealProjects/TA-Houdini/TA_UE5/TechArt_Template/Content/MyContent/Character/MixamoContent/Knight/Materials/Knight_diffuse.uasset" 916
"E:/UnrealProjects/TA-Houdini/TA_UE5/TechArt_Template/Content/MyContent/Character/MixamoContent/Knight/Materials/Knight_diffuse.uexp" 917
"E:/UnrealProjects/TA-Houdini/TA_UE5/TechArt_Template/Content/MyContent/Character/MixamoContent/Knight/Materials/Knight_specular.ubulk" 918
"E:/UnrealProjects/TA-Houdini/TA_UE5/TechArt_Template/Content/MyContent/Character/MixamoContent/Knight/Materials/Knight_specular.uasset" 919
"E:/UnrealProjects/TA-Houdini/TA_UE5/TechArt_Template/Content/MyContent/Character/MixamoContent/Knight/Materials/Knight_specular.uexp" 920
"E:/UnrealProjects/TA-Houdini/TA_UE5/TechArt_Template/Content/MyContent/Materials/Knight_D_Pelegrini_Knight_MAT2_Emissive.ubulk" 921
"E:/UnrealProjects/TA-Houdini/TA_UE5/TechArt_Template/Content/MyContent/Materials/Knight_D_Pelegrini_Knight_MAT2_Emissive.uasset" 922
"E:/UnrealProjects/TA-Houdini/TA_UE5/TechArt_Template/Content/MyContent/Materials/Knight_D_Pelegrini_Knight_MAT2_Emissive.uexp" 923
"E:/UnrealProjects/TA-Houdini/TA_UE5/TechArt_Template/Content/MyContent/Character/MixamoContent/Knight/Materials/Knight_MAT2.uasset" 924
"E:/UnrealProjects/TA-Houdini/TA_UE5/TechArt_Template/Content/MyContent/Character/MixamoContent/Knight/Materials/Knight_MAT2.uexp" 925
"E:/UnrealProjects/TA-Houdini/TA_UE5/TechArt_Template/Content/MyContent/Character/MixamoContent/Knight/Knight_D_Pelegrini_Skeleton.uasset" 926
"E:/UnrealProjects/TA-Houdini/TA_UE5/TechArt_Template/Content/MyContent/Character/MixamoContent/Knight/Knight_D_Pelegrini_Skeleton.uexp" 927
"E:/UnrealProjects/TA-Houdini/TA_UE5/TechArt_Template/Content/MyContent/Character/MixamoContent/Knight/Knight_D_Pelegrini_PhysicsAsset.uasset" 928
"E:/UnrealProjects/TA-Houdini/TA_UE5/TechArt_Template/Content/MyContent/Character/MixamoContent/Knight/Knight_D_Pelegrini_PhysicsAsset.uexp" 929
"E:/UnrealProjects/TA-Houdini/TA_UE5/TechArt_Template/Content/MyContent/Character/MixamoContent/Knight/Knight_D_Pelegrini.uasset" 930
"E:/UnrealProjects/TA-Houdini/TA_UE5/TechArt_Template/Content/MyContent/Character/MixamoContent/Knight/Knight_D_Pelegrini.uexp" 931
"E:/UnrealProjects/TA-Houdini/TA_UE5/TechArt_Template/Content/MyContent/FX/Weather/NS_Drip.uasset" 932
"E:/UnrealProjects/TA-Houdini/TA_UE5/TechArt_Template/Content/MyContent/FX/Weather/NS_Drip.uexp" 933
"E:/UnrealProjects/TA-Houdini/TA_UE5/TechArt_Template/Content/MyContent/FX/Weather/NS_Rain.uasset" 934
"E:/UnrealProjects/TA-Houdini/TA_UE5/TechArt_Template/Content/MyContent/FX/Weather/NS_Rain.uexp" 935
"E:/UnrealProjects/TA-Houdini/TA_UE5/TechArt_Template/Content/MyContent/FX/Weather/BP_Rain.uasset" 936
"E:/UnrealProjects/TA-Houdini/TA_UE5/TechArt_Template/Content/MyContent/FX/Weather/BP_Rain.uexp" 937
"../../../Engine/Content/EngineSky/T_Sky_Stars.ubulk" 938
"../../../Engine/Content/EngineSky/T_Sky_Stars.uasset" 939
"../../../Engine/Content/EngineSky/T_Sky_Stars.uexp" 940
"../../../Engine/Content/EngineSky/T_Sky_Clouds_M.ubulk" 941
"../../../Engine/Content/EngineSky/T_Sky_Clouds_M.uasset" 942
"../../../Engine/Content/EngineSky/T_Sky_Clouds_M.uexp" 943
"../../../Engine/Content/EngineSky/T_Sky_Blue.ubulk" 944
"../../../Engine/Content/EngineSky/T_Sky_Blue.uasset" 945
"../../../Engine/Content/EngineSky/T_Sky_Blue.uexp" 946
"../../../Engine/Content/EngineSky/M_Sky_Panning_Clouds2.uasset" 947
"../../../Engine/Content/EngineSky/M_Sky_Panning_Clouds2.uexp" 948
"../../../Engine/Content/EngineSky/SM_SkySphere.ubulk" 949
"../../../Engine/Content/EngineSky/SM_SkySphere.uasset" 950
"../../../Engine/Content/EngineSky/SM_SkySphere.uexp" 951
"../../../Engine/Content/EngineSky/M_SimpleSkyDome.uasset" 952
"../../../Engine/Content/EngineSky/M_SimpleSkyDome.uexp" 953
"E:/UnrealProjects/TA-Houdini/TA_UE5/TechArt_Template/Content/MyContent/FX/Weather/NS_DripFire.uasset" 954
"E:/UnrealProjects/TA-Houdini/TA_UE5/TechArt_Template/Content/MyContent/FX/Weather/NS_DripFire.uexp" 955
"E:/UnrealProjects/TA-Houdini/TA_UE5/TechArt_Template/Content/MyContent/FX/Weather/NS_RainFire.uasset" 956
"E:/UnrealProjects/TA-Houdini/TA_UE5/TechArt_Template/Content/MyContent/FX/Weather/NS_RainFire.uexp" 957
"E:/UnrealProjects/TA-Houdini/TA_UE5/TechArt_Template/Content/MyContent/FX/Weather/BP_Rain_Fire.uasset" 958
"E:/UnrealProjects/TA-Houdini/TA_UE5/TechArt_Template/Content/MyContent/FX/Weather/BP_Rain_Fire.uexp" 959
"E:/UnrealProjects/TA-Houdini/TA_UE5/TechArt_Template/Content/MyContent/FX/Particles/M_Dust.uasset" 960
"E:/UnrealProjects/TA-Houdini/TA_UE5/TechArt_Template/Content/MyContent/FX/Particles/M_Dust.uexp" 961
"E:/UnrealProjects/TA-Houdini/TA_UE5/TechArt_Template/Content/MyContent/FX/Particles/NS_HangingParticles.uasset" 962
"E:/UnrealProjects/TA-Houdini/TA_UE5/TechArt_Template/Content/MyContent/FX/Particles/NS_HangingParticles.uexp" 963
"../../../Engine/Content/Maps/Entry_BuiltData.uasset" 964
"../../../Engine/Content/Maps/Entry_BuiltData.uexp" 965
"../../../Engine/Content/Maps/Entry.uexp" 966
"../../../Engine/Content/Maps/Entry.umap" 967
"../../../Engine/Plugins/Animation/ACLPlugin/Content/ACLAnimBoneCompressionSettings.uasset" 968
"../../../Engine/Plugins/Animation/ACLPlugin/Content/ACLAnimBoneCompressionSettings.uexp" 969
"../../../Engine/Content/Animation/DefaultVariableFrameStrippingSettings.uasset" 970
"../../../Engine/Content/Animation/DefaultVariableFrameStrippingSettings.uexp" 971
"../../../Engine/Plugins/Animation/ACLPlugin/Content/ACLAnimCurveCompressionSettings.uasset" 972
"../../../Engine/Plugins/Animation/ACLPlugin/Content/ACLAnimCurveCompressionSettings.uexp" 973
"E:/UnrealProjects/TA-Houdini/TA_UE5/TechArt_Template/Content/MyContent/Character/MixamoContent/Knight/Jumping.uasset" 974
"E:/UnrealProjects/TA-Houdini/TA_UE5/TechArt_Template/Content/MyContent/Character/MixamoContent/Knight/Jumping.uexp" 975
"E:/UnrealProjects/TA-Houdini/TA_UE5/TechArt_Template/Content/MyContent/Materials/M_AnimTrail.uasset" 976
"E:/UnrealProjects/TA-Houdini/TA_UE5/TechArt_Template/Content/MyContent/Materials/M_AnimTrail.uexp" 977
"E:/UnrealProjects/TA-Houdini/TA_UE5/TechArt_Template/Content/MyContent/FX/NS_AnimTrail.uasset" 978
"E:/UnrealProjects/TA-Houdini/TA_UE5/TechArt_Template/Content/MyContent/FX/NS_AnimTrail.uexp" 979
"E:/UnrealProjects/TA-Houdini/TA_UE5/TechArt_Template/Content/MyContent/Character/MixamoContent/Knight/Fast_Run.uasset" 980
"E:/UnrealProjects/TA-Houdini/TA_UE5/TechArt_Template/Content/MyContent/Character/MixamoContent/Knight/Fast_Run.uexp" 981
"E:/UnrealProjects/TA-Houdini/TA_UE5/TechArt_Template/Content/MyContent/Character/MixamoContent/Knight/Idle.uasset" 982
"E:/UnrealProjects/TA-Houdini/TA_UE5/TechArt_Template/Content/MyContent/Character/MixamoContent/Knight/Idle.uexp" 983
"E:/UnrealProjects/TA-Houdini/TA_UE5/TechArt_Template/Content/MyContent/Character/MixamoContent/Knight/ABP_Character.uasset" 984
"E:/UnrealProjects/TA-Houdini/TA_UE5/TechArt_Template/Content/MyContent/Character/MixamoContent/Knight/ABP_Character.uexp" 985
"E:/UnrealProjects/TA-Houdini/TA_UE5/TechArt_Template/Content/MyContent/Character/MixamoContent/Hair/M_Hair_Char.uasset" 986
"E:/UnrealProjects/TA-Houdini/TA_UE5/TechArt_Template/Content/MyContent/Character/MixamoContent/Hair/M_Hair_Char.uexp" 987
"E:/UnrealProjects/TA-Houdini/TA_UE5/TechArt_Template/Content/MyContent/Character/MixamoContent/Hair/Char_Hair.ubulk" 988
"E:/UnrealProjects/TA-Houdini/TA_UE5/TechArt_Template/Content/MyContent/Character/MixamoContent/Hair/Char_Hair.uasset" 989
"E:/UnrealProjects/TA-Houdini/TA_UE5/TechArt_Template/Content/MyContent/Character/MixamoContent/Hair/Char_Hair.uexp" 990
"E:/UnrealProjects/TA-Houdini/TA_UE5/TechArt_Template/Content/MyContent/FX/AnimTrail/M_AnimTrail.uasset" 991
"E:/UnrealProjects/TA-Houdini/TA_UE5/TechArt_Template/Content/MyContent/FX/AnimTrail/M_AnimTrail.uexp" 992
"E:/UnrealProjects/TA-Houdini/TA_UE5/TechArt_Template/Content/MyContent/FX/Weather/NS_Star.uasset" 993
"E:/UnrealProjects/TA-Houdini/TA_UE5/TechArt_Template/Content/MyContent/FX/Weather/NS_Star.uexp" 994
"E:/UnrealProjects/TA-Houdini/TA_UE5/TechArt_Template/Content/MyContent/Character/MixamoContent/Unarmed_Grab_Torch_From_Wall.uasset" 995
"E:/UnrealProjects/TA-Houdini/TA_UE5/TechArt_Template/Content/MyContent/Character/MixamoContent/Unarmed_Grab_Torch_From_Wall.uexp" 996
"E:/UnrealProjects/TA-Houdini/TA_UE5/TechArt_Template/Content/MyContent/Character/MixamoContent/Unarmed_Grab_Torch_From_Wall_Montage.uasset" 997
"E:/UnrealProjects/TA-Houdini/TA_UE5/TechArt_Template/Content/MyContent/Character/MixamoContent/Unarmed_Grab_Torch_From_Wall_Montage.uexp" 998
"E:/UnrealProjects/TA-Houdini/TA_UE5/TechArt_Template/Content/MyContent/Character/MixamoContent/Hair/M_Hair.uasset" 999
"E:/UnrealProjects/TA-Houdini/TA_UE5/TechArt_Template/Content/MyContent/Character/MixamoContent/Hair/M_Hair.uexp" 1000
"E:/UnrealProjects/TA-Houdini/TA_UE5/TechArt_Template/Content/ThirdPerson/Input/Actions/IA_Jump.uasset" 1001
"E:/UnrealProjects/TA-Houdini/TA_UE5/TechArt_Template/Content/ThirdPerson/Input/Actions/IA_Jump.uexp" 1002
"E:/UnrealProjects/TA-Houdini/TA_UE5/TechArt_Template/Content/ThirdPerson/Input/Actions/IA_Look.uasset" 1003
"E:/UnrealProjects/TA-Houdini/TA_UE5/TechArt_Template/Content/ThirdPerson/Input/Actions/IA_Look.uexp" 1004
"E:/UnrealProjects/TA-Houdini/TA_UE5/TechArt_Template/Content/ThirdPerson/Input/Actions/IA_Move.uasset" 1005
"E:/UnrealProjects/TA-Houdini/TA_UE5/TechArt_Template/Content/ThirdPerson/Input/Actions/IA_Move.uexp" 1006
"E:/UnrealProjects/TA-Houdini/TA_UE5/TechArt_Template/Content/ThirdPerson/Input/IMC_Default.uasset" 1007
"E:/UnrealProjects/TA-Houdini/TA_UE5/TechArt_Template/Content/ThirdPerson/Input/IMC_Default.uexp" 1008
"E:/UnrealProjects/TA-Houdini/TA_UE5/TechArt_Template/Content/MyContent/Character/MixamoContent/Knight/Jumping_Montage.uasset" 1009
"E:/UnrealProjects/TA-Houdini/TA_UE5/TechArt_Template/Content/MyContent/Character/MixamoContent/Knight/Jumping_Montage.uexp" 1010
"E:/UnrealProjects/TA-Houdini/TA_UE5/TechArt_Template/Content/MyContent/Character/MixamoContent/Happy_Idle_Skeleton.uasset" 1011
"E:/UnrealProjects/TA-Houdini/TA_UE5/TechArt_Template/Content/MyContent/Character/MixamoContent/Happy_Idle_Skeleton.uexp" 1012
"../../../Engine/Content/Animation/DefaultAnimCurveCompressionSettings.uasset" 1013
"../../../Engine/Content/Animation/DefaultAnimCurveCompressionSettings.uexp" 1014
"../../../Engine/Content/Animation/DefaultAnimBoneCompressionSettings.uasset" 1015
"../../../Engine/Content/Animation/DefaultAnimBoneCompressionSettings.uexp" 1016
"E:/UnrealProjects/TA-Houdini/TA_UE5/TechArt_Template/Content/MyContent/Character/MixamoContent/Throw.uasset" 1017
"E:/UnrealProjects/TA-Houdini/TA_UE5/TechArt_Template/Content/MyContent/Character/MixamoContent/Throw.uexp" 1018
"E:/UnrealProjects/TA-Houdini/TA_UE5/TechArt_Template/Content/MyContent/Character/MixamoContent/Throw_Montage1.uasset" 1019
"E:/UnrealProjects/TA-Houdini/TA_UE5/TechArt_Template/Content/MyContent/Character/MixamoContent/Throw_Montage1.uexp" 1020
"E:/UnrealProjects/TA-Houdini/TA_UE5/TechArt_Template/Content/ThirdPerson/Blueprints/BP_ThirdPersonCharacter.uasset" 1021
"E:/UnrealProjects/TA-Houdini/TA_UE5/TechArt_Template/Content/ThirdPerson/Blueprints/BP_ThirdPersonCharacter.uexp" 1022
"E:/UnrealProjects/TA-Houdini/TA_UE5/TechArt_Template/Content/ThirdPerson/Blueprints/BP_ThirdPersonGameMode.uasset" 1023
"E:/UnrealProjects/TA-Houdini/TA_UE5/TechArt_Template/Content/ThirdPerson/Blueprints/BP_ThirdPersonGameMode.uexp" 1024
"E:/UnrealProjects/TA-Houdini/TA_UE5/TechArt_Template/Content/ThirdPerson/Maps/ThirdPersonMap.uexp" 1025
"E:/UnrealProjects/TA-Houdini/TA_UE5/TechArt_Template/Content/ThirdPerson/Maps/ThirdPersonMap.umap" 1026
